#
# A fatal error has been detected by the Java Runtime Environment:
#
#  SIGSEGV (0xb) at pc=0x00007f9f2459422b, pid=43705, tid=43775
#
# JRE version: OpenJDK Runtime Environment (14.0.2+12) (build 14.0.2+12)
# Java VM: OpenJDK 64-Bit Server VM (14.0.2+12, mixed mode, tiered, compressed oops, g1 gc, linux-amd64)
# Problematic frame:
# 
[error occurred during error reporting (printing problematic frame), id 0xb, SIGSEGV (0xb) at pc=0x00007f9f41d96d90]

# Core dump will be written. Default location: Core dumps may be processed with "/usr/lib/systemd/systemd-coredump %P %u %g %s %t %c %h" (or dumping to /home/georg/Desktop/nvs/prime-number-service/tracing_pesestance/core.43705)
#
# If you would like to submit a bug report, please visit:
#   https://bugreport.java.com/bugreport/crash.jsp
#

---------------  S U M M A R Y ------------

Command Line: -Dmaven.home=/home/georg/Desktop/nvs/prime-number-service -Dmaven.multiModuleProjectDirectory=/home/georg/Desktop/nvs/prime-number-service/tracing_pesestance org.apache.maven.wrapper.MavenWrapperMain quarkus:dev clean

Host: Intel(R) Core(TM) i7-6700HQ CPU @ 2.60GHz, 8 cores, 23G, Manjaro Linux
Time: Thu Nov 12 00:35:34 2020 CET elapsed time: 9 seconds (0d 0h 0m 9s)

---------------  T H R E A D  ---------------

Current thread (0x00007f9f08001000):  ConcurrentGCThread "G1 Conc#1" [stack: 0x00007f9f05311000,0x00007f9f05411000] [id=43775]

Stack: [0x00007f9f05311000,0x00007f9f05411000],  sp=0x00007f9f0540fbc8,  free space=1018k
Native frames: (J=compiled Java code, A=aot compiled Java code, j=interpreted, Vv=VM code, C=native code)

[error occurred during error reporting (printing native stack), id 0xb, SIGSEGV (0xb) at pc=0x00007f9f41d96d90]


siginfo: si_signo: 11 (SIGSEGV), si_code: 1 (SEGV_MAPERR), si_addr: 0x00000000008cd219

Register to memory mapping:

RAX=0x00007f9f422400a0: <offset 0x00000000012040a0> in /usr/lib/jvm/java-14-openjdk/lib/server/libjvm.so at 0x00007f9f4103c000
RBX=0x00007f9f3c0a4300 points into unknown readable memory: 60 fb 13 42 9f 7f 00 00
RCX=0x0000000000007f9f is an unknown value
RDX=0x00000008002b69a0 is pointing into metadata
RSP=0x00007f9f0540fbc8 points into unknown readable memory: 79 c1 6c 41 9f 7f 00 00
RBP=0x00007f9f0540fc00 points into unknown readable memory: 40 fc 40 05 9f 7f 00 00
RSI=0x000000068b6b0ec8 points into unknown readable memory: 0d 70 01 3c 9f 7f 00 00
RDI=0x00007f9f0540fca0 points into unknown readable memory: e0 f8 13 42 9f 7f 00 00
R8 =0x000000068b6b0ec8 points into unknown readable memory: 0d 70 01 3c 9f 7f 00 00
R9 =0x00007f9f0540fca0 points into unknown readable memory: e0 f8 13 42 9f 7f 00 00
R10=0x0 is NULL
R11=0x0000000000000206 is an unknown value
R12=0x000000068b6b0ec8 points into unknown readable memory: 0d 70 01 3c 9f 7f 00 00
R13=0x00000000008cd218 is an unknown value
R14=0x00000008002b69a0 is pointing into metadata
R15=0x00007f9f0540fca0 points into unknown readable memory: e0 f8 13 42 9f 7f 00 00


Registers:
RAX=0x00007f9f422400a0, RBX=0x00007f9f3c0a4300, RCX=0x0000000000007f9f, RDX=0x00000008002b69a0
RSP=0x00007f9f0540fbc8, RBP=0x00007f9f0540fc00, RSI=0x000000068b6b0ec8, RDI=0x00007f9f0540fca0
R8 =0x000000068b6b0ec8, R9 =0x00007f9f0540fca0, R10=0x0000000000000000, R11=0x0000000000000206
R12=0x000000068b6b0ec8, R13=0x00000000008cd218, R14=0x00000008002b69a0, R15=0x00007f9f0540fca0
RIP=0x00007f9f2459422b, EFLAGS=0x0000000000010206, CSGSFS=0x002b000000000033, ERR=0x0000000000000004
  TRAPNO=0x000000000000000e

Top of Stack: (sp=0x00007f9f0540fbc8)
0x00007f9f0540fbc8:   00007f9f416cc179 000000000000000c
0x00007f9f0540fbd8:   0000000000000040 00007f9f0540fc18
0x00007f9f0540fbe8:   00007f9f3c0a4300 000000068b80ef48
0x00007f9f0540fbf8:   00007f9f3c0a4300 00007f9f0540fc40 

Instructions: (pc=0x00007f9f2459422b)
0x00007f9f2459412b:   41 0f b7 5d 02 0f cb c1 eb 10 48 f7 db 0f ca c1
0x00007f9f2459413b:   fa 10 41 01 14 de 41 0f b6 5d 06 49 83 c5 06 49
0x00007f9f2459414b:   ba 60 21 28 42 9f 7f 00 00 41 ff 24 da 00 00 00
0x00007f9f2459415b:   00 00 00 00 00 40 00 00 00 00 00 00 00 35 e0 ee
0x00007f9f2459416b:   41 9f 7f 00 00 85 00 00 00 00 00 00 00 00 00 00
0x00007f9f2459417b:   00 00 00 00 00 8b 04 24 48 83 c4 08 48 63 c0 41
0x00007f9f2459418b:   0f b6 5d 01 49 ff c5 49 ba 60 01 28 42 9f 7f 00
0x00007f9f2459419b:   00 41 ff 24 da 60 00 00 00 00 00 00 00 39 e0 ee
0x00007f9f245941ab:   41 9f 7f 00 00 86 00 00 00 00 00 00 00 00 00 00
0x00007f9f245941bb:   00 00 00 00 00 8b 04 24 48 83 c4 08 c5 fa 2a c0
0x00007f9f245941cb:   41 0f b6 5d 01 49 ff c5 49 ba 60 09 28 42 9f 7f
0x00007f9f245941db:   00 00 41 ff 24 da 0f 1f 80 00 00 00 00 00 00 00
0x00007f9f245941eb:   00 00 00 00 00 00 00 00 00 00 00 00 00 00 00 00
0x00007f9f245941fb:   00 00 00 00 00 60 00 00 00 00 00 00 00 3d e0 ee
0x00007f9f2459420b:   41 9f 7f 00 00 87 00 00 00 00 00 00 00 00 00 00
0x00007f9f2459421b:   00 00 00 00 00 8b 04 24 48 83 c4 08 c5 fb 2a c0
0x00007f9f2459422b:   41 0f b6 5d 01 49 ff c5 49 ba 60 11 28 42 9f 7f
0x00007f9f2459423b:   00 00 41 ff 24 da 0f 1f 80 00 00 00 00 00 00 00
0x00007f9f2459424b:   00 00 00 00 00 00 00 00 00 00 00 00 00 00 00 00
0x00007f9f2459425b:   00 00 00 00 00 40 00 00 00 00 00 00 00 41 e0 ee
0x00007f9f2459426b:   41 9f 7f 00 00 88 00 00 00 00 00 00 00 00 00 00
0x00007f9f2459427b:   00 00 00 00 00 48 8b 04 24 48 83 c4 10 8b c0 41
0x00007f9f2459428b:   0f b6 5d 01 49 ff c5 49 ba 60 f9 27 42 9f 7f 00
0x00007f9f2459429b:   00 41 ff 24 da 60 00 00 00 00 00 00 00 d8 65 ef
0x00007f9f245942ab:   41 9f 7f 00 00 89 00 00 00 00 00 00 00 00 00 00
0x00007f9f245942bb:   00 00 00 00 00 48 8b 04 24 48 83 c4 10 c4 e1 fa
0x00007f9f245942cb:   2a c0 41 0f b6 5d 01 49 ff c5 49 ba 60 09 28 42
0x00007f9f245942db:   9f 7f 00 00 41 ff 24 da 0f 1f 44 00 00 00 00 00
0x00007f9f245942eb:   00 00 00 00 00 00 00 00 00 00 00 00 00 00 00 00
0x00007f9f245942fb:   00 00 00 00 00 60 00 00 00 00 00 00 00 c5 65 ef
0x00007f9f2459430b:   41 9f 7f 00 00 8a 00 00 00 00 00 00 00 00 00 00
0x00007f9f2459431b:   00 00 00 00 00 48 8b 04 24 48 83 c4 10 c4 e1 fb 


Stack slot to memory mapping:
stack at sp + 0 slots: 0x00007f9f416cc179: <offset 0x0000000000690179> in /usr/lib/jvm/java-14-openjdk/lib/server/libjvm.so at 0x00007f9f4103c000
stack at sp + 1 slots: 0x000000000000000c is an unknown value
stack at sp + 2 slots: 64 is a compressed pointer to class: 0x0000000800000040
stack at sp + 3 slots: 0x00007f9f0540fc18 points into unknown readable memory: c8 0e 6b 8b 06 00 00 00
stack at sp + 4 slots: 0x00007f9f3c0a4300 points into unknown readable memory: 60 fb 13 42 9f 7f 00 00
stack at sp + 5 slots: 0x000000068b80ef48 is an oop: sun.security.util.MemoryCache$SoftCacheEntry 
{0x000000068b80ef48} - klass: 'sun/security/util/MemoryCache$SoftCacheEntry'
stack at sp + 6 slots: 0x00007f9f3c0a4300 points into unknown readable memory: 60 fb 13 42 9f 7f 00 00
stack at sp + 7 slots: 0x00007f9f0540fc40 points into unknown readable memory: 00 fd 40 05 9f 7f 00 00

i2d  135 i2d  [0x00007f9f24594220, 0x00007f9f24594260]  64 bytes
[MachCode]
  0x00007f9f24594220: 8b04 2448 | 83c4 08c5 | fb2a c041 | 0fb6 5d01 | 49ff c549 | ba60 1128 | 429f 7f00 | 0041 ff24 
  0x00007f9f24594240: da0f 1f80 | 0000 0000 | 0000 0000 | 0000 0000 | 0000 0000 | 0000 0000 | 0000 0000 | 0000 0000 
[/MachCode]

---------------  P R O C E S S  ---------------

Threads class SMR info:
_java_thread_list=0x00007f9ee4416f90, length=12, elements={
0x00007f9f3c017000, 0x00007f9f3c2be800, 0x00007f9f3c2c0800, 0x00007f9f3c2d9000,
0x00007f9f3c2db000, 0x00007f9f3c2dd000, 0x00007f9f3c2df000, 0x00007f9f3c2e6000,
0x00007f9f3c3b1000, 0x00007f9f3c3bf000, 0x00007f9ee44ec000, 0x00007f9ee4416000
}

Java Threads: ( => current thread )
  0x00007f9f3c017000 JavaThread "main" [_thread_in_Java, id=43720, stack(0x00007f9f40bfe000,0x00007f9f40cff000)]
  0x00007f9f3c2be800 JavaThread "Reference Handler" daemon [_thread_blocked, id=43727, stack(0x00007f9f06ed8000,0x00007f9f06fd9000)]
  0x00007f9f3c2c0800 JavaThread "Finalizer" daemon [_thread_blocked, id=43728, stack(0x00007f9f06dd7000,0x00007f9f06ed8000)]
  0x00007f9f3c2d9000 JavaThread "Signal Dispatcher" daemon [_thread_blocked, id=43729, stack(0x00007f9f06999000,0x00007f9f06a9a000)]
  0x00007f9f3c2db000 JavaThread "Service Thread" daemon [_thread_blocked, id=43730, stack(0x00007f9f06898000,0x00007f9f06999000)]
  0x00007f9f3c2dd000 JavaThread "C2 CompilerThread0" daemon [_thread_in_vm, id=43731, stack(0x00007f9f06797000,0x00007f9f06898000)]
  0x00007f9f3c2df000 JavaThread "C1 CompilerThread0" daemon [_thread_in_native, id=43732, stack(0x00007f9f06696000,0x00007f9f06797000)]
  0x00007f9f3c2e6000 JavaThread "Sweeper thread" daemon [_thread_blocked, id=43733, stack(0x00007f9f06595000,0x00007f9f06696000)]
  0x00007f9f3c3b1000 JavaThread "Notification Thread" daemon [_thread_blocked, id=43734, stack(0x00007f9f06494000,0x00007f9f06595000)]
  0x00007f9f3c3bf000 JavaThread "Common-Cleaner" daemon [_thread_blocked, id=43736, stack(0x00007f9f06291000,0x00007f9f06392000)]
  0x00007f9ee44ec000 JavaThread "C2 CompilerThread1" daemon [_thread_in_native, id=43810, stack(0x00007f9f06121000,0x00007f9f06222000)]
  0x00007f9ee4416000 JavaThread "C2 CompilerThread2" daemon [_thread_in_native, id=43826, stack(0x00007f9ea7bfc000,0x00007f9ea7cfd000)]

Other Threads:
  0x00007f9f3c2b1800 VMThread "VM Thread" [stack: 0x00007f9f06fdb000,0x00007f9f070db000] [id=43726]
  0x00007f9f3c3b3800 WatcherThread [stack: 0x00007f9f06394000,0x00007f9f06494000] [id=43735]
  0x00007f9f3c070000 GCTaskThread "GC Thread#0" [stack: 0x00007f9f16610000,0x00007f9f16710000] [id=43721]
  0x00007f9efc001000 GCTaskThread "GC Thread#1" [stack: 0x00007f9f0591d000,0x00007f9f05a1d000] [id=43742]
  0x00007f9efc002800 GCTaskThread "GC Thread#2" [stack: 0x00007f9f0581b000,0x00007f9f0591b000] [id=43743]
  0x00007f9efc004000 GCTaskThread "GC Thread#3" [stack: 0x00007f9f05719000,0x00007f9f05819000] [id=43744]
  0x00007f9efc005000 GCTaskThread "GC Thread#4" [stack: 0x00007f9f05617000,0x00007f9f05717000] [id=43745]
  0x00007f9efc006800 GCTaskThread "GC Thread#5" [stack: 0x00007f9f05515000,0x00007f9f05615000] [id=43746]
  0x00007f9efc008800 GCTaskThread "GC Thread#6" [stack: 0x00007f9f05413000,0x00007f9f05513000] [id=43747]
  0x00007f9efc00a000 GCTaskThread "GC Thread#7" [stack: 0x00007f9f0520a000,0x00007f9f0530a000] [id=43748]
  0x00007f9f3c0a1000 ConcurrentGCThread "G1 Main Marker" [stack: 0x00007f9f1650e000,0x00007f9f1660e000] [id=43722]
  0x00007f9f3c0a2800 ConcurrentGCThread "G1 Conc#0" [stack: 0x00007f9f1640c000,0x00007f9f1650c000] [id=43723]
=>0x00007f9f08001000 ConcurrentGCThread "G1 Conc#1" [stack: 0x00007f9f05311000,0x00007f9f05411000] [id=43775]
  0x00007f9f3c223800 ConcurrentGCThread "G1 Refine#0" [stack: 0x00007f9f07afc000,0x00007f9f07bfc000] [id=43724]
  0x00007f9f00001800 ConcurrentGCThread "G1 Refine#1" [stack: 0x00007f9ea73fb000,0x00007f9ea74fb000] [id=43827]
  0x00007f9f3c225800 ConcurrentGCThread "G1 Young RemSet Sampling" [stack: 0x00007f9f079fa000,0x00007f9f07afa000] [id=43725]

Threads with active compile tasks:
C2 CompilerThread0     9438 6377       4       java.lang.StringCoding::decodeUTF8_0 (899 bytes)
C1 CompilerThread0     9438 6376       3       org.apache.maven.model.io.xpp3.MavenXpp3Reader::parseDependencyManagement (204 bytes)
C2 CompilerThread1     9438 6375       4       org.eclipse.sisu.wire.EntryListAdapter$ValueIterator::next (18 bytes)
C2 CompilerThread2     9439 6292   !   4       org.apache.maven.model.Model::clone (502 bytes)

VM state:not at safepoint (normal execution)

VM Mutex/Monitor currently owned by a thread: None

Heap address: 0x0000000689600000, size: 5994 MB, Compressed Oops mode: Zero based, Oop shift amount: 3
Narrow klass base: 0x0000000800000000, Narrow klass shift: 0
Compressed class space size: 1073741824 Address: 0x0000000800000000

Heap:
 garbage-first heap   total 222208K, used 87805K [0x0000000689600000, 0x0000000800000000)
  region size 1024K, 24 young (24576K), 17 survivors (17408K)
 Metaspace       used 36517K, capacity 37175K, committed 37680K, reserved 1083392K
  class space    used 3818K, capacity 4112K, committed 4224K, reserved 1048576K
Heap Regions: E=young(eden), S=young(survivor), O=old, HS=humongous(starts), HC=humongous(continues), CS=collection set, F=free, OA=open archive, CA=closed archive, TAMS=top-at-mark-start (previous, next)
|   0|0x0000000689600000, 0x0000000689700000, 0x0000000689700000|100%| O|  |TAMS 0x0000000689700000, 0x0000000689700000| Untracked 
|   1|0x0000000689700000, 0x0000000689800000, 0x0000000689800000|100%| O|  |TAMS 0x0000000689800000, 0x0000000689800000| Untracked 
|   2|0x0000000689800000, 0x0000000689900000, 0x0000000689900000|100%| O|  |TAMS 0x0000000689900000, 0x0000000689900000| Untracked 
|   3|0x0000000689900000, 0x0000000689954800, 0x0000000689a00000| 33%| O|  |TAMS 0x0000000689954800, 0x0000000689954800| Untracked 
|   4|0x0000000689a00000, 0x0000000689b00000, 0x0000000689b00000|100%| O|  |TAMS 0x0000000689b00000, 0x0000000689b00000| Untracked 
|   5|0x0000000689b00000, 0x0000000689c00000, 0x0000000689c00000|100%| O|  |TAMS 0x0000000689c00000, 0x0000000689c00000| Untracked 
|   6|0x0000000689c00000, 0x0000000689d00000, 0x0000000689d00000|100%| O|  |TAMS 0x0000000689d00000, 0x0000000689d00000| Untracked 
|   7|0x0000000689d00000, 0x0000000689e00000, 0x0000000689e00000|100%| O|  |TAMS 0x0000000689e00000, 0x0000000689e00000| Untracked 
|   8|0x0000000689e00000, 0x0000000689f00000, 0x0000000689f00000|100%| O|  |TAMS 0x0000000689f00000, 0x0000000689f00000| Untracked 
|   9|0x0000000689f00000, 0x000000068a000000, 0x000000068a000000|100%| O|  |TAMS 0x000000068a000000, 0x000000068a000000| Untracked 
|  10|0x000000068a000000, 0x000000068a100000, 0x000000068a100000|100%| O|  |TAMS 0x000000068a100000, 0x000000068a100000| Untracked 
|  11|0x000000068a100000, 0x000000068a200000, 0x000000068a200000|100%| O|  |TAMS 0x000000068a200000, 0x000000068a200000| Untracked 
|  12|0x000000068a200000, 0x000000068a300000, 0x000000068a300000|100%| O|  |TAMS 0x000000068a300000, 0x000000068a300000| Untracked 
|  13|0x000000068a300000, 0x000000068a400000, 0x000000068a400000|100%| O|  |TAMS 0x000000068a400000, 0x000000068a400000| Untracked 
|  14|0x000000068a400000, 0x000000068a500000, 0x000000068a500000|100%| O|  |TAMS 0x000000068a500000, 0x000000068a500000| Untracked 
|  15|0x000000068a500000, 0x000000068a600000, 0x000000068a600000|100%| O|  |TAMS 0x000000068a600000, 0x000000068a600000| Untracked 
|  16|0x000000068a600000, 0x000000068a700000, 0x000000068a700000|100%| O|  |TAMS 0x000000068a700000, 0x000000068a700000| Untracked 
|  17|0x000000068a700000, 0x000000068a800000, 0x000000068a800000|100%| O|  |TAMS 0x000000068a800000, 0x000000068a800000| Untracked 
|  18|0x000000068a800000, 0x000000068a900000, 0x000000068a900000|100%| O|  |TAMS 0x000000068a900000, 0x000000068a900000| Untracked 
|  19|0x000000068a900000, 0x000000068aa00000, 0x000000068aa00000|100%| O|  |TAMS 0x000000068aa00000, 0x000000068aa00000| Untracked 
|  20|0x000000068aa00000, 0x000000068ab00000, 0x000000068ab00000|100%| O|  |TAMS 0x000000068ab00000, 0x000000068ab00000| Untracked 
|  21|0x000000068ab00000, 0x000000068ac00000, 0x000000068ac00000|100%| O|  |TAMS 0x000000068ac00000, 0x000000068ac00000| Untracked 
|  22|0x000000068ac00000, 0x000000068ad00000, 0x000000068ad00000|100%| O|  |TAMS 0x000000068ad00000, 0x000000068ad00000| Untracked 
|  23|0x000000068ad00000, 0x000000068ae00000, 0x000000068ae00000|100%| O|  |TAMS 0x000000068ae00000, 0x000000068ae00000| Untracked 
|  24|0x000000068ae00000, 0x000000068af00000, 0x000000068af00000|100%| O|  |TAMS 0x000000068af00000, 0x000000068af00000| Untracked 
|  25|0x000000068af00000, 0x000000068b000000, 0x000000068b000000|100%| O|  |TAMS 0x000000068b000000, 0x000000068b000000| Untracked 
|  26|0x000000068b000000, 0x000000068b100000, 0x000000068b100000|100%| O|  |TAMS 0x000000068b100000, 0x000000068b100000| Untracked 
|  27|0x000000068b100000, 0x000000068b200000, 0x000000068b200000|100%|HS|  |TAMS 0x000000068b100000, 0x000000068b200000| Complete 
|  28|0x000000068b200000, 0x000000068b300000, 0x000000068b300000|100%|HS|  |TAMS 0x000000068b200000, 0x000000068b300000| Complete 
|  29|0x000000068b300000, 0x000000068b400000, 0x000000068b400000|100%|HS|  |TAMS 0x000000068b300000, 0x000000068b400000| Complete 
|  30|0x000000068b400000, 0x000000068b500000, 0x000000068b500000|100%| O|  |TAMS 0x000000068b500000, 0x000000068b500000| Untracked 
|  31|0x000000068b500000, 0x000000068b600000, 0x000000068b600000|100%| O|  |TAMS 0x000000068b600000, 0x000000068b600000| Untracked 
|  32|0x000000068b600000, 0x000000068b700000, 0x000000068b700000|100%| O|  |TAMS 0x000000068b700000, 0x000000068b700000| Untracked 
|  33|0x000000068b700000, 0x000000068b800000, 0x000000068b800000|100%| O|  |TAMS 0x000000068b800000, 0x000000068b800000| Untracked 
|  34|0x000000068b800000, 0x000000068b900000, 0x000000068b900000|100%| O|  |TAMS 0x000000068b900000, 0x000000068b900000| Untracked 
|  35|0x000000068b900000, 0x000000068ba00000, 0x000000068ba00000|100%| O|  |TAMS 0x000000068ba00000, 0x000000068ba00000| Untracked 
|  36|0x000000068ba00000, 0x000000068bb00000, 0x000000068bb00000|100%| O|  |TAMS 0x000000068bb00000, 0x000000068bb00000| Untracked 
|  37|0x000000068bb00000, 0x000000068bc00000, 0x000000068bc00000|100%| O|  |TAMS 0x000000068bc00000, 0x000000068bc00000| Untracked 
|  38|0x000000068bc00000, 0x000000068bd00000, 0x000000068bd00000|100%| O|  |TAMS 0x000000068bd00000, 0x000000068bd00000| Untracked 
|  39|0x000000068bd00000, 0x000000068be00000, 0x000000068be00000|100%| O|  |TAMS 0x000000068be00000, 0x000000068be00000| Untracked 
|  40|0x000000068be00000, 0x000000068bf00000, 0x000000068bf00000|100%| O|  |TAMS 0x000000068bf00000, 0x000000068bf00000| Untracked 
|  41|0x000000068bf00000, 0x000000068c000000, 0x000000068c000000|100%| O|  |TAMS 0x000000068c000000, 0x000000068c000000| Untracked 
|  42|0x000000068c000000, 0x000000068c100000, 0x000000068c100000|100%| O|  |TAMS 0x000000068c100000, 0x000000068c100000| Untracked 
|  43|0x000000068c100000, 0x000000068c200000, 0x000000068c200000|100%| O|  |TAMS 0x000000068c200000, 0x000000068c200000| Untracked 
|  44|0x000000068c200000, 0x000000068c300000, 0x000000068c300000|100%| O|  |TAMS 0x000000068c300000, 0x000000068c300000| Untracked 
|  45|0x000000068c300000, 0x000000068c400000, 0x000000068c400000|100%| O|  |TAMS 0x000000068c380000, 0x000000068c400000| Untracked 
|  46|0x000000068c400000, 0x000000068c500000, 0x000000068c500000|100%| O|  |TAMS 0x000000068c400000, 0x000000068c500000| Untracked 
|  47|0x000000068c500000, 0x000000068c600000, 0x000000068c600000|100%| O|  |TAMS 0x000000068c500000, 0x000000068c600000| Untracked 
|  48|0x000000068c600000, 0x000000068c700000, 0x000000068c700000|100%| O|  |TAMS 0x000000068c600000, 0x000000068c700000| Untracked 
|  49|0x000000068c700000, 0x000000068c800000, 0x000000068c800000|100%| O|  |TAMS 0x000000068c700000, 0x000000068c800000| Untracked 
|  50|0x000000068c800000, 0x000000068c900000, 0x000000068c900000|100%| O|  |TAMS 0x000000068c800000, 0x000000068c900000| Untracked 
|  51|0x000000068c900000, 0x000000068ca00000, 0x000000068ca00000|100%| O|  |TAMS 0x000000068c900000, 0x000000068ca00000| Untracked 
|  52|0x000000068ca00000, 0x000000068cb00000, 0x000000068cb00000|100%| O|  |TAMS 0x000000068ca00000, 0x000000068cb00000| Untracked 
|  53|0x000000068cb00000, 0x000000068cc00000, 0x000000068cc00000|100%| O|  |TAMS 0x000000068cb00000, 0x000000068cc00000| Untracked 
|  54|0x000000068cc00000, 0x000000068cd00000, 0x000000068cd00000|100%| O|  |TAMS 0x000000068cc00000, 0x000000068cd00000| Untracked 
|  55|0x000000068cd00000, 0x000000068ce00000, 0x000000068ce00000|100%| O|  |TAMS 0x000000068cd00000, 0x000000068ce00000| Untracked 
|  56|0x000000068ce00000, 0x000000068cf00000, 0x000000068cf00000|100%| O|  |TAMS 0x000000068ce00000, 0x000000068cf00000| Untracked 
|  57|0x000000068cf00000, 0x000000068cf80000, 0x000000068d000000| 50%| O|  |TAMS 0x000000068cf00000, 0x000000068cf80000| Untracked 
|  58|0x000000068d000000, 0x000000068d100000, 0x000000068d100000|100%|HS|  |TAMS 0x000000068d000000, 0x000000068d100000| Complete 
|  59|0x000000068d100000, 0x000000068d200000, 0x000000068d200000|100%| O|  |TAMS 0x000000068d100000, 0x000000068d100000| Untracked 
|  60|0x000000068d200000, 0x000000068d300000, 0x000000068d300000|100%| O|  |TAMS 0x000000068d200000, 0x000000068d200000| Untracked 
|  61|0x000000068d300000, 0x000000068d400000, 0x000000068d400000|100%| O|  |TAMS 0x000000068d300000, 0x000000068d300000| Untracked 
|  62|0x000000068d400000, 0x000000068d500000, 0x000000068d500000|100%| O|  |TAMS 0x000000068d400000, 0x000000068d400000| Untracked 
|  63|0x000000068d500000, 0x000000068d5eae00, 0x000000068d600000| 91%| O|  |TAMS 0x000000068d500000, 0x000000068d500000| Untracked 
|  64|0x000000068d600000, 0x000000068d600000, 0x000000068d700000|  0%| F|  |TAMS 0x000000068d600000, 0x000000068d600000| Untracked 
|  65|0x000000068d700000, 0x000000068d700000, 0x000000068d800000|  0%| F|  |TAMS 0x000000068d700000, 0x000000068d700000| Untracked 
|  66|0x000000068d800000, 0x000000068d800000, 0x000000068d900000|  0%| F|  |TAMS 0x000000068d800000, 0x000000068d800000| Untracked 
|  67|0x000000068d900000, 0x000000068d900000, 0x000000068da00000|  0%| F|  |TAMS 0x000000068d900000, 0x000000068d900000| Untracked 
|  68|0x000000068da00000, 0x000000068da00000, 0x000000068db00000|  0%| F|  |TAMS 0x000000068da00000, 0x000000068da00000| Untracked 
|  69|0x000000068db00000, 0x000000068db00000, 0x000000068dc00000|  0%| F|  |TAMS 0x000000068db00000, 0x000000068db00000| Untracked 
|  70|0x000000068dc00000, 0x000000068dd00000, 0x000000068dd00000|100%| S|CS|TAMS 0x000000068dc00000, 0x000000068dc00000| Complete 
|  71|0x000000068dd00000, 0x000000068de00000, 0x000000068de00000|100%| S|CS|TAMS 0x000000068dd00000, 0x000000068dd00000| Complete 
|  72|0x000000068de00000, 0x000000068df00000, 0x000000068df00000|100%| S|CS|TAMS 0x000000068de00000, 0x000000068de00000| Complete 
|  73|0x000000068df00000, 0x000000068e000000, 0x000000068e000000|100%| S|CS|TAMS 0x000000068df00000, 0x000000068df00000| Complete 
|  74|0x000000068e000000, 0x000000068e100000, 0x000000068e100000|100%| S|CS|TAMS 0x000000068e000000, 0x000000068e000000| Complete 
|  75|0x000000068e100000, 0x000000068e200000, 0x000000068e200000|100%| S|CS|TAMS 0x000000068e100000, 0x000000068e100000| Complete 
|  76|0x000000068e200000, 0x000000068e300000, 0x000000068e300000|100%| S|CS|TAMS 0x000000068e200000, 0x000000068e200000| Complete 
|  77|0x000000068e300000, 0x000000068e400000, 0x000000068e400000|100%| S|CS|TAMS 0x000000068e300000, 0x000000068e300000| Complete 
|  78|0x000000068e400000, 0x000000068e500000, 0x000000068e500000|100%| S|CS|TAMS 0x000000068e400000, 0x000000068e400000| Complete 
|  79|0x000000068e500000, 0x000000068e600000, 0x000000068e600000|100%| S|CS|TAMS 0x000000068e500000, 0x000000068e500000| Complete 
|  80|0x000000068e600000, 0x000000068e700000, 0x000000068e700000|100%| S|CS|TAMS 0x000000068e600000, 0x000000068e600000| Complete 
|  81|0x000000068e700000, 0x000000068e800000, 0x000000068e800000|100%| S|CS|TAMS 0x000000068e700000, 0x000000068e700000| Complete 
|  82|0x000000068e800000, 0x000000068e900000, 0x000000068e900000|100%| S|CS|TAMS 0x000000068e800000, 0x000000068e800000| Complete 
|  83|0x000000068e900000, 0x000000068ea00000, 0x000000068ea00000|100%| S|CS|TAMS 0x000000068e900000, 0x000000068e900000| Complete 
|  84|0x000000068ea00000, 0x000000068eb00000, 0x000000068eb00000|100%| S|CS|TAMS 0x000000068ea00000, 0x000000068ea00000| Complete 
|  85|0x000000068eb00000, 0x000000068ec00000, 0x000000068ec00000|100%| S|CS|TAMS 0x000000068eb00000, 0x000000068eb00000| Complete 
|  86|0x000000068ec00000, 0x000000068ed00000, 0x000000068ed00000|100%| S|CS|TAMS 0x000000068ec00000, 0x000000068ec00000| Complete 
|  87|0x000000068ed00000, 0x000000068ed00000, 0x000000068ee00000|  0%| F|  |TAMS 0x000000068ed00000, 0x000000068ed00000| Untracked 
|  88|0x000000068ee00000, 0x000000068ee00000, 0x000000068ef00000|  0%| F|  |TAMS 0x000000068ee00000, 0x000000068ee00000| Untracked 
|  89|0x000000068ef00000, 0x000000068ef00000, 0x000000068f000000|  0%| F|  |TAMS 0x000000068ef00000, 0x000000068ef00000| Untracked 
|  90|0x000000068f000000, 0x000000068f000000, 0x000000068f100000|  0%| F|  |TAMS 0x000000068f000000, 0x000000068f000000| Untracked 
|  91|0x000000068f100000, 0x000000068f100000, 0x000000068f200000|  0%| F|  |TAMS 0x000000068f100000, 0x000000068f100000| Untracked 
|  92|0x000000068f200000, 0x000000068f200000, 0x000000068f300000|  0%| F|  |TAMS 0x000000068f200000, 0x000000068f200000| Untracked 
|  93|0x000000068f300000, 0x000000068f300000, 0x000000068f400000|  0%| F|  |TAMS 0x000000068f300000, 0x000000068f300000| Untracked 
|  94|0x000000068f400000, 0x000000068f400000, 0x000000068f500000|  0%| F|  |TAMS 0x000000068f400000, 0x000000068f400000| Untracked 
|  95|0x000000068f500000, 0x000000068f500000, 0x000000068f600000|  0%| F|  |TAMS 0x000000068f500000, 0x000000068f500000| Untracked 
|  96|0x000000068f600000, 0x000000068f600000, 0x000000068f700000|  0%| F|  |TAMS 0x000000068f600000, 0x000000068f600000| Untracked 
|  97|0x000000068f700000, 0x000000068f700000, 0x000000068f800000|  0%| F|  |TAMS 0x000000068f700000, 0x000000068f700000| Untracked 
|  98|0x000000068f800000, 0x000000068f800000, 0x000000068f900000|  0%| F|  |TAMS 0x000000068f800000, 0x000000068f800000| Untracked 
|  99|0x000000068f900000, 0x000000068f900000, 0x000000068fa00000|  0%| F|  |TAMS 0x000000068f900000, 0x000000068f900000| Untracked 
| 100|0x000000068fa00000, 0x000000068fa00000, 0x000000068fb00000|  0%| F|  |TAMS 0x000000068fa00000, 0x000000068fa00000| Untracked 
| 101|0x000000068fb00000, 0x000000068fb00000, 0x000000068fc00000|  0%| F|  |TAMS 0x000000068fb00000, 0x000000068fb00000| Untracked 
| 102|0x000000068fc00000, 0x000000068fc00000, 0x000000068fd00000|  0%| F|  |TAMS 0x000000068fc00000, 0x000000068fc00000| Untracked 
| 103|0x000000068fd00000, 0x000000068fd00000, 0x000000068fe00000|  0%| F|  |TAMS 0x000000068fd00000, 0x000000068fd00000| Untracked 
| 104|0x000000068fe00000, 0x000000068fe00000, 0x000000068ff00000|  0%| F|  |TAMS 0x000000068fe00000, 0x000000068fe00000| Untracked 
| 105|0x000000068ff00000, 0x000000068ff00000, 0x0000000690000000|  0%| F|  |TAMS 0x000000068ff00000, 0x000000068ff00000| Untracked 
| 106|0x0000000690000000, 0x0000000690000000, 0x0000000690100000|  0%| F|  |TAMS 0x0000000690000000, 0x0000000690000000| Untracked 
| 107|0x0000000690100000, 0x0000000690100000, 0x0000000690200000|  0%| F|  |TAMS 0x0000000690100000, 0x0000000690100000| Untracked 
| 108|0x0000000690200000, 0x0000000690200000, 0x0000000690300000|  0%| F|  |TAMS 0x0000000690200000, 0x0000000690200000| Untracked 
| 109|0x0000000690300000, 0x0000000690300000, 0x0000000690400000|  0%| F|  |TAMS 0x0000000690300000, 0x0000000690300000| Untracked 
| 110|0x0000000690400000, 0x0000000690400000, 0x0000000690500000|  0%| F|  |TAMS 0x0000000690400000, 0x0000000690400000| Untracked 
| 111|0x0000000690500000, 0x0000000690500000, 0x0000000690600000|  0%| F|  |TAMS 0x0000000690500000, 0x0000000690500000| Untracked 
| 112|0x0000000690600000, 0x0000000690600000, 0x0000000690700000|  0%| F|  |TAMS 0x0000000690600000, 0x0000000690600000| Untracked 
| 113|0x0000000690700000, 0x0000000690700000, 0x0000000690800000|  0%| F|  |TAMS 0x0000000690700000, 0x0000000690700000| Untracked 
| 114|0x0000000690800000, 0x0000000690800000, 0x0000000690900000|  0%| F|  |TAMS 0x0000000690800000, 0x0000000690800000| Untracked 
| 115|0x0000000690900000, 0x0000000690900000, 0x0000000690a00000|  0%| F|  |TAMS 0x0000000690900000, 0x0000000690900000| Untracked 
| 116|0x0000000690a00000, 0x0000000690a00000, 0x0000000690b00000|  0%| F|  |TAMS 0x0000000690a00000, 0x0000000690a00000| Untracked 
| 117|0x0000000690b00000, 0x0000000690b00000, 0x0000000690c00000|  0%| F|  |TAMS 0x0000000690b00000, 0x0000000690b00000| Untracked 
| 118|0x0000000690c00000, 0x0000000690c00000, 0x0000000690d00000|  0%| F|  |TAMS 0x0000000690c00000, 0x0000000690c00000| Untracked 
| 119|0x0000000690d00000, 0x0000000690d00000, 0x0000000690e00000|  0%| F|  |TAMS 0x0000000690d00000, 0x0000000690d00000| Untracked 
| 120|0x0000000690e00000, 0x0000000690e00000, 0x0000000690f00000|  0%| F|  |TAMS 0x0000000690e00000, 0x0000000690e00000| Untracked 
| 121|0x0000000690f00000, 0x0000000690f00000, 0x0000000691000000|  0%| F|  |TAMS 0x0000000690f00000, 0x0000000690f00000| Untracked 
| 122|0x0000000691000000, 0x0000000691000000, 0x0000000691100000|  0%| F|  |TAMS 0x0000000691000000, 0x0000000691000000| Untracked 
| 123|0x0000000691100000, 0x0000000691100000, 0x0000000691200000|  0%| F|  |TAMS 0x0000000691100000, 0x0000000691100000| Untracked 
| 124|0x0000000691200000, 0x0000000691200000, 0x0000000691300000|  0%| F|  |TAMS 0x0000000691200000, 0x0000000691200000| Untracked 
| 125|0x0000000691300000, 0x0000000691300000, 0x0000000691400000|  0%| F|  |TAMS 0x0000000691300000, 0x0000000691300000| Untracked 
| 126|0x0000000691400000, 0x0000000691400000, 0x0000000691500000|  0%| F|  |TAMS 0x0000000691400000, 0x0000000691400000| Untracked 
| 127|0x0000000691500000, 0x0000000691500000, 0x0000000691600000|  0%| F|  |TAMS 0x0000000691500000, 0x0000000691500000| Untracked 
| 128|0x0000000691600000, 0x0000000691600000, 0x0000000691700000|  0%| F|  |TAMS 0x0000000691600000, 0x0000000691600000| Untracked 
| 129|0x0000000691700000, 0x0000000691700000, 0x0000000691800000|  0%| F|  |TAMS 0x0000000691700000, 0x0000000691700000| Untracked 
| 130|0x0000000691800000, 0x0000000691800000, 0x0000000691900000|  0%| F|  |TAMS 0x0000000691800000, 0x0000000691800000| Untracked 
| 131|0x0000000691900000, 0x0000000691900000, 0x0000000691a00000|  0%| F|  |TAMS 0x0000000691900000, 0x0000000691900000| Untracked 
| 132|0x0000000691a00000, 0x0000000691a00000, 0x0000000691b00000|  0%| F|  |TAMS 0x0000000691a00000, 0x0000000691a00000| Untracked 
| 133|0x0000000691b00000, 0x0000000691b00000, 0x0000000691c00000|  0%| F|  |TAMS 0x0000000691b00000, 0x0000000691b00000| Untracked 
| 134|0x0000000691c00000, 0x0000000691c00000, 0x0000000691d00000|  0%| F|  |TAMS 0x0000000691c00000, 0x0000000691c00000| Untracked 
| 135|0x0000000691d00000, 0x0000000691d00000, 0x0000000691e00000|  0%| F|  |TAMS 0x0000000691d00000, 0x0000000691d00000| Untracked 
| 136|0x0000000691e00000, 0x0000000691e00000, 0x0000000691f00000|  0%| F|  |TAMS 0x0000000691e00000, 0x0000000691e00000| Untracked 
| 137|0x0000000691f00000, 0x0000000691f00000, 0x0000000692000000|  0%| F|  |TAMS 0x0000000691f00000, 0x0000000691f00000| Untracked 
| 138|0x0000000692000000, 0x0000000692000000, 0x0000000692100000|  0%| F|  |TAMS 0x0000000692000000, 0x0000000692000000| Untracked 
| 139|0x0000000692100000, 0x0000000692100000, 0x0000000692200000|  0%| F|  |TAMS 0x0000000692100000, 0x0000000692100000| Untracked 
| 140|0x0000000692200000, 0x0000000692200000, 0x0000000692300000|  0%| F|  |TAMS 0x0000000692200000, 0x0000000692200000| Untracked 
| 141|0x0000000692300000, 0x0000000692300000, 0x0000000692400000|  0%| F|  |TAMS 0x0000000692300000, 0x0000000692300000| Untracked 
| 142|0x0000000692400000, 0x0000000692400000, 0x0000000692500000|  0%| F|  |TAMS 0x0000000692400000, 0x0000000692400000| Untracked 
| 143|0x0000000692500000, 0x0000000692500000, 0x0000000692600000|  0%| F|  |TAMS 0x0000000692500000, 0x0000000692500000| Untracked 
| 144|0x0000000692600000, 0x0000000692600000, 0x0000000692700000|  0%| F|  |TAMS 0x0000000692600000, 0x0000000692600000| Untracked 
| 145|0x0000000692700000, 0x0000000692700000, 0x0000000692800000|  0%| F|  |TAMS 0x0000000692700000, 0x0000000692700000| Untracked 
| 146|0x0000000692800000, 0x0000000692800000, 0x0000000692900000|  0%| F|  |TAMS 0x0000000692800000, 0x0000000692800000| Untracked 
| 147|0x0000000692900000, 0x0000000692900000, 0x0000000692a00000|  0%| F|  |TAMS 0x0000000692900000, 0x0000000692900000| Untracked 
| 148|0x0000000692a00000, 0x0000000692a00000, 0x0000000692b00000|  0%| F|  |TAMS 0x0000000692a00000, 0x0000000692a00000| Untracked 
| 149|0x0000000692b00000, 0x0000000692b00000, 0x0000000692c00000|  0%| F|  |TAMS 0x0000000692b00000, 0x0000000692b00000| Untracked 
| 150|0x0000000692c00000, 0x0000000692c00000, 0x0000000692d00000|  0%| F|  |TAMS 0x0000000692c00000, 0x0000000692c00000| Untracked 
| 151|0x0000000692d00000, 0x0000000692d00000, 0x0000000692e00000|  0%| F|  |TAMS 0x0000000692d00000, 0x0000000692d00000| Untracked 
| 152|0x0000000692e00000, 0x0000000692e00000, 0x0000000692f00000|  0%| F|  |TAMS 0x0000000692e00000, 0x0000000692e00000| Untracked 
| 153|0x0000000692f00000, 0x0000000692f00000, 0x0000000693000000|  0%| F|  |TAMS 0x0000000692f00000, 0x0000000692f00000| Untracked 
| 154|0x0000000693000000, 0x0000000693000000, 0x0000000693100000|  0%| F|  |TAMS 0x0000000693000000, 0x0000000693000000| Untracked 
| 155|0x0000000693100000, 0x0000000693100000, 0x0000000693200000|  0%| F|  |TAMS 0x0000000693100000, 0x0000000693100000| Untracked 
| 156|0x0000000693200000, 0x0000000693200000, 0x0000000693300000|  0%| F|  |TAMS 0x0000000693200000, 0x0000000693200000| Untracked 
| 157|0x0000000693300000, 0x0000000693300000, 0x0000000693400000|  0%| F|  |TAMS 0x0000000693300000, 0x0000000693300000| Untracked 
| 158|0x0000000693400000, 0x0000000693400000, 0x0000000693500000|  0%| F|  |TAMS 0x0000000693400000, 0x0000000693400000| Untracked 
| 159|0x0000000693500000, 0x0000000693500000, 0x0000000693600000|  0%| F|  |TAMS 0x0000000693500000, 0x0000000693500000| Untracked 
| 160|0x0000000693600000, 0x0000000693600000, 0x0000000693700000|  0%| F|  |TAMS 0x0000000693600000, 0x0000000693600000| Untracked 
| 161|0x0000000693700000, 0x0000000693700000, 0x0000000693800000|  0%| F|  |TAMS 0x0000000693700000, 0x0000000693700000| Untracked 
| 162|0x0000000693800000, 0x0000000693800000, 0x0000000693900000|  0%| F|  |TAMS 0x0000000693800000, 0x0000000693800000| Untracked 
| 163|0x0000000693900000, 0x0000000693900000, 0x0000000693a00000|  0%| F|  |TAMS 0x0000000693900000, 0x0000000693900000| Untracked 
| 164|0x0000000693a00000, 0x0000000693a00000, 0x0000000693b00000|  0%| F|  |TAMS 0x0000000693a00000, 0x0000000693a00000| Untracked 
| 165|0x0000000693b00000, 0x0000000693b00000, 0x0000000693c00000|  0%| F|  |TAMS 0x0000000693b00000, 0x0000000693b00000| Untracked 
| 166|0x0000000693c00000, 0x0000000693c00000, 0x0000000693d00000|  0%| F|  |TAMS 0x0000000693c00000, 0x0000000693c00000| Untracked 
| 167|0x0000000693d00000, 0x0000000693d00000, 0x0000000693e00000|  0%| F|  |TAMS 0x0000000693d00000, 0x0000000693d00000| Untracked 
| 168|0x0000000693e00000, 0x0000000693e00000, 0x0000000693f00000|  0%| F|  |TAMS 0x0000000693e00000, 0x0000000693e00000| Untracked 
| 169|0x0000000693f00000, 0x0000000693f00000, 0x0000000694000000|  0%| F|  |TAMS 0x0000000693f00000, 0x0000000693f00000| Untracked 
| 170|0x0000000694000000, 0x0000000694000000, 0x0000000694100000|  0%| F|  |TAMS 0x0000000694000000, 0x0000000694000000| Untracked 
| 171|0x0000000694100000, 0x0000000694100000, 0x0000000694200000|  0%| F|  |TAMS 0x0000000694100000, 0x0000000694100000| Untracked 
| 172|0x0000000694200000, 0x0000000694200000, 0x0000000694300000|  0%| F|  |TAMS 0x0000000694200000, 0x0000000694200000| Untracked 
| 173|0x0000000694300000, 0x0000000694300000, 0x0000000694400000|  0%| F|  |TAMS 0x0000000694300000, 0x0000000694300000| Untracked 
| 174|0x0000000694400000, 0x0000000694400000, 0x0000000694500000|  0%| F|  |TAMS 0x0000000694400000, 0x0000000694400000| Untracked 
| 175|0x0000000694500000, 0x0000000694500000, 0x0000000694600000|  0%| F|  |TAMS 0x0000000694500000, 0x0000000694500000| Untracked 
| 176|0x0000000694600000, 0x0000000694600000, 0x0000000694700000|  0%| F|  |TAMS 0x0000000694600000, 0x0000000694600000| Untracked 
| 177|0x0000000694700000, 0x0000000694700000, 0x0000000694800000|  0%| F|  |TAMS 0x0000000694700000, 0x0000000694700000| Untracked 
| 178|0x0000000694800000, 0x0000000694800000, 0x0000000694900000|  0%| F|  |TAMS 0x0000000694800000, 0x0000000694800000| Untracked 
| 179|0x0000000694900000, 0x0000000694900000, 0x0000000694a00000|  0%| F|  |TAMS 0x0000000694900000, 0x0000000694900000| Untracked 
| 180|0x0000000694a00000, 0x0000000694a00000, 0x0000000694b00000|  0%| F|  |TAMS 0x0000000694a00000, 0x0000000694a00000| Untracked 
| 181|0x0000000694b00000, 0x0000000694b00000, 0x0000000694c00000|  0%| F|  |TAMS 0x0000000694b00000, 0x0000000694b00000| Untracked 
| 182|0x0000000694c00000, 0x0000000694c00000, 0x0000000694d00000|  0%| F|  |TAMS 0x0000000694c00000, 0x0000000694c00000| Untracked 
| 183|0x0000000694d00000, 0x0000000694d00000, 0x0000000694e00000|  0%| F|  |TAMS 0x0000000694d00000, 0x0000000694d00000| Untracked 
| 184|0x0000000694e00000, 0x0000000694e00000, 0x0000000694f00000|  0%| F|  |TAMS 0x0000000694e00000, 0x0000000694e00000| Untracked 
| 185|0x0000000694f00000, 0x0000000694f00000, 0x0000000695000000|  0%| F|  |TAMS 0x0000000694f00000, 0x0000000694f00000| Untracked 
| 186|0x0000000695000000, 0x0000000695000000, 0x0000000695100000|  0%| F|  |TAMS 0x0000000695000000, 0x0000000695000000| Untracked 
| 187|0x0000000695100000, 0x0000000695100000, 0x0000000695200000|  0%| F|  |TAMS 0x0000000695100000, 0x0000000695100000| Untracked 
| 188|0x0000000695200000, 0x0000000695200000, 0x0000000695300000|  0%| F|  |TAMS 0x0000000695200000, 0x0000000695200000| Untracked 
| 189|0x0000000695300000, 0x0000000695300000, 0x0000000695400000|  0%| F|  |TAMS 0x0000000695300000, 0x0000000695300000| Untracked 
| 190|0x0000000695400000, 0x0000000695400000, 0x0000000695500000|  0%| F|  |TAMS 0x0000000695400000, 0x0000000695400000| Untracked 
| 191|0x0000000695500000, 0x0000000695500000, 0x0000000695600000|  0%| F|  |TAMS 0x0000000695500000, 0x0000000695500000| Untracked 
| 192|0x0000000695600000, 0x0000000695600000, 0x0000000695700000|  0%| F|  |TAMS 0x0000000695600000, 0x0000000695600000| Untracked 
| 193|0x0000000695700000, 0x0000000695700000, 0x0000000695800000|  0%| F|  |TAMS 0x0000000695700000, 0x0000000695700000| Untracked 
| 194|0x0000000695800000, 0x0000000695800000, 0x0000000695900000|  0%| F|  |TAMS 0x0000000695800000, 0x0000000695800000| Untracked 
| 195|0x0000000695900000, 0x0000000695900000, 0x0000000695a00000|  0%| F|  |TAMS 0x0000000695900000, 0x0000000695900000| Untracked 
| 196|0x0000000695a00000, 0x0000000695a00000, 0x0000000695b00000|  0%| F|  |TAMS 0x0000000695a00000, 0x0000000695a00000| Untracked 
| 197|0x0000000695b00000, 0x0000000695b00000, 0x0000000695c00000|  0%| F|  |TAMS 0x0000000695b00000, 0x0000000695b00000| Untracked 
| 198|0x0000000695c00000, 0x0000000695c00000, 0x0000000695d00000|  0%| F|  |TAMS 0x0000000695c00000, 0x0000000695c00000| Untracked 
| 199|0x0000000695d00000, 0x0000000695d00000, 0x0000000695e00000|  0%| F|  |TAMS 0x0000000695d00000, 0x0000000695d00000| Untracked 
| 200|0x0000000695e00000, 0x0000000695e00000, 0x0000000695f00000|  0%| F|  |TAMS 0x0000000695e00000, 0x0000000695e00000| Untracked 
| 201|0x0000000695f00000, 0x0000000695f00000, 0x0000000696000000|  0%| F|  |TAMS 0x0000000695f00000, 0x0000000695f00000| Untracked 
| 202|0x0000000696000000, 0x0000000696000000, 0x0000000696100000|  0%| F|  |TAMS 0x0000000696000000, 0x0000000696000000| Untracked 
| 203|0x0000000696100000, 0x0000000696100000, 0x0000000696200000|  0%| F|  |TAMS 0x0000000696100000, 0x0000000696100000| Untracked 
| 204|0x0000000696200000, 0x0000000696200000, 0x0000000696300000|  0%| F|  |TAMS 0x0000000696200000, 0x0000000696200000| Untracked 
| 205|0x0000000696300000, 0x0000000696300000, 0x0000000696400000|  0%| F|  |TAMS 0x0000000696300000, 0x0000000696300000| Untracked 
| 206|0x0000000696400000, 0x0000000696400000, 0x0000000696500000|  0%| F|  |TAMS 0x0000000696400000, 0x0000000696400000| Untracked 
| 207|0x0000000696500000, 0x0000000696584010, 0x0000000696600000| 51%| E|  |TAMS 0x0000000696500000, 0x0000000696500000| Complete 
| 208|0x0000000696600000, 0x0000000696700000, 0x0000000696700000|100%| E|CS|TAMS 0x0000000696600000, 0x0000000696600000| Complete 
| 209|0x0000000696700000, 0x0000000696800000, 0x0000000696800000|100%| E|CS|TAMS 0x0000000696700000, 0x0000000696700000| Complete 
| 210|0x0000000696800000, 0x0000000696900000, 0x0000000696900000|100%| E|CS|TAMS 0x0000000696800000, 0x0000000696800000| Complete 
| 211|0x0000000696900000, 0x0000000696a00000, 0x0000000696a00000|100%| E|CS|TAMS 0x0000000696900000, 0x0000000696900000| Complete 
| 349|0x000000069f300000, 0x000000069f400000, 0x000000069f400000|100%| E|CS|TAMS 0x000000069f300000, 0x000000069f300000| Complete 
| 350|0x000000069f400000, 0x000000069f500000, 0x000000069f500000|100%| E|CS|TAMS 0x000000069f400000, 0x000000069f400000| Complete 
| 351|0x000000069f500000, 0x000000069f600000, 0x000000069f600000|100%| E|CS|TAMS 0x000000069f500000, 0x000000069f500000| Complete 
| 352|0x000000069f600000, 0x000000069f700000, 0x000000069f700000|100%| E|CS|TAMS 0x000000069f600000, 0x000000069f600000| Complete 
| 375|0x00000006a0d00000, 0x00000006a0e00000, 0x00000006a0e00000|100%| E|CS|TAMS 0x00000006a0d00000, 0x00000006a0d00000| Complete 

Card table byte_map: [0x00007f9f22e15000,0x00007f9f239ca000] _byte_map_base: 0x00007f9f1f9ca000

Marking Bits (Prev, Next): (CMBitMap*) 0x00007f9f3c071408, (CMBitMap*) 0x00007f9f3c071448
 Prev Bits: [0x00007f9f1c4b8000, 0x00007f9f22260000)
 Next Bits: [0x00007f9f16710000, 0x00007f9f1c4b8000)

Polling page: 0x00007f9f424d8000

Metaspace:

Usage:
  Non-class:     32,29 MB capacity,    31,93 MB ( 99%) used,   313,38 KB ( <1%) free+waste,    50,25 KB ( <1%) overhead. 
      Class:      4,02 MB capacity,     3,73 MB ( 93%) used,   273,93 KB (  7%) free+waste,    19,56 KB ( <1%) overhead. 
       Both:     36,30 MB capacity,    35,66 MB ( 98%) used,   587,30 KB (  2%) free+waste,    69,81 KB ( <1%) overhead. 

Virtual space:
  Non-class space:       34,00 MB reserved,      32,67 MB ( 96%) committed 
      Class space:        1,00 GB reserved,       4,12 MB ( <1%) committed 
             Both:        1,03 GB reserved,      36,80 MB (  3%) committed 

Chunk freelists:
   Non-Class:  349,00 KB
       Class:  16,00 KB
        Both:  365,00 KB

MaxMetaspaceSize: unlimited
CompressedClassSpaceSize: 1,00 GB

CodeHeap 'non-profiled nmethods': size=120028Kb used=4163Kb max_used=4163Kb free=115865Kb
 bounds [0x00007f9f2c048000, 0x00007f9f2c468000, 0x00007f9f3357f000]
CodeHeap 'profiled nmethods': size=120028Kb used=12228Kb max_used=12228Kb free=107799Kb
 bounds [0x00007f9f24b11000, 0x00007f9f25711000, 0x00007f9f2c048000]
CodeHeap 'non-nmethods': size=5704Kb used=1235Kb max_used=1312Kb free=4468Kb
 bounds [0x00007f9f2457f000, 0x00007f9f247ef000, 0x00007f9f24b11000]
 total_blobs=6066 nmethods=5560 adapters=419
 compilation: enabled
              stopped_count=0, restarted_count=0
 full_count=0

Compilation events (20 events):
Event: 9,399 Thread 0x00007f9f3c2df000 nmethod 6354 0x00007f9f256ef410 code [0x00007f9f256ef640, 0x00007f9f256f0090]
Event: 9,399 Thread 0x00007f9f3c2df000 6346       3       com.google.common.collect.AbstractMapBasedMultimap::createCollection (5 bytes)
Event: 9,400 Thread 0x00007f9f3c2df000 nmethod 6346 0x00007f9f256f0610 code [0x00007f9f256f07a0, 0x00007f9f256f0960]
Event: 9,400 Thread 0x00007f9f3c2df000 6347       3       com.google.common.collect.ArrayListMultimap::createCollection (5 bytes)
Event: 9,400 Thread 0x00007f9f3c2df000 nmethod 6347 0x00007f9f256f0a10 code [0x00007f9f256f0bc0, 0x00007f9f256f0dc0]
Event: 9,400 Thread 0x00007f9f3c2df000 6348       3       com.google.common.collect.ArrayListMultimap::createCollection (12 bytes)
Event: 9,400 Thread 0x00007f9f3c2df000 nmethod 6348 0x00007f9f256f0e90 code [0x00007f9f256f1020, 0x00007f9f256f11c0]
Event: 9,400 Thread 0x00007f9f3c2df000 6345       3       com.google.inject.internal.BindingProcessor$1::visit (6 bytes)
Event: 9,400 Thread 0x00007f9f3c2df000 nmethod 6345 0x00007f9f256f1290 code [0x00007f9f256f1420, 0x00007f9f256f1560]
Event: 9,400 Thread 0x00007f9f3c2df000 6355       3       com.google.common.collect.ImmutableCollection::toArray (27 bytes)
Event: 9,401 Thread 0x00007f9f3c2df000 nmethod 6355 0x00007f9f256f1610 code [0x00007f9f256f17c0, 0x00007f9f256f1b50]
Event: 9,401 Thread 0x00007f9f3c2df000 6350       3       com.google.common.collect.CompactHashMap::resizeMeMaybe (39 bytes)
Event: 9,401 Thread 0x00007f9f3c2df000 nmethod 6350 0x00007f9f256f1c90 code [0x00007f9f256f1e40, 0x00007f9f256f2160]
Event: 9,401 Thread 0x00007f9f3c2df000 6351       3       com.google.common.collect.CompactHashMap::insertEntry (31 bytes)
Event: 9,401 Thread 0x00007f9f3c2df000 nmethod 6351 0x00007f9f256f2290 code [0x00007f9f256f2440, 0x00007f9f256f2910]
Event: 9,401 Thread 0x00007f9f3c2df000 6358       3       java.lang.reflect.AccessibleObject::checkPermission (16 bytes)
Event: 9,402 Thread 0x00007f9f3c2df000 nmethod 6358 0x00007f9f256f2b10 code [0x00007f9f256f2cc0, 0x00007f9f256f2fe0]
Event: 9,402 Thread 0x00007f9f3c2df000 6359       3       java.lang.reflect.AccessibleObject::checkCanSetAccessible (9 bytes)
Event: 9,402 Thread 0x00007f9f3c2df000 nmethod 6359 0x00007f9f256f3110 code [0x00007f9f256f32a0, 0x00007f9f256f33c0]
Event: 9,402 Thread 0x00007f9f3c2df000 6360       3       java.lang.reflect.AccessibleObject::checkCanSetAccessible (386 bytes)

GC Heap History (20 events):
Event: 0,610 GC heap before
{Heap before GC invocations=0 (full 0):
 garbage-first heap   total 385024K, used 23552K [0x0000000689600000, 0x0000000800000000)
  region size 1024K, 23 young (23552K), 0 survivors (0K)
 Metaspace       used 13299K, capacity 13568K, committed 13824K, reserved 1060864K
  class space    used 1341K, capacity 1459K, committed 1536K, reserved 1048576K
}
Event: 0,615 GC heap after
{Heap after GC invocations=1 (full 0):
 garbage-first heap   total 385024K, used 3520K [0x0000000689600000, 0x0000000800000000)
  region size 1024K, 3 young (3072K), 3 survivors (3072K)
 Metaspace       used 13299K, capacity 13568K, committed 13824K, reserved 1060864K
  class space    used 1341K, capacity 1459K, committed 1536K, reserved 1048576K
}
Event: 1,001 GC heap before
{Heap before GC invocations=1 (full 0):
 garbage-first heap   total 385024K, used 35264K [0x0000000689600000, 0x0000000800000000)
  region size 1024K, 34 young (34816K), 3 survivors (3072K)
 Metaspace       used 17256K, capacity 17655K, committed 17920K, reserved 1064960K
  class space    used 1842K, capacity 1985K, committed 2048K, reserved 1048576K
}
Event: 1,005 GC heap after
{Heap after GC invocations=2 (full 0):
 garbage-first heap   total 385024K, used 5019K [0x0000000689600000, 0x0000000800000000)
  region size 1024K, 2 young (2048K), 2 survivors (2048K)
 Metaspace       used 17256K, capacity 17655K, committed 17920K, reserved 1064960K
  class space    used 1842K, capacity 1985K, committed 2048K, reserved 1048576K
}
Event: 1,409 GC heap before
{Heap before GC invocations=2 (full 0):
 garbage-first heap   total 385024K, used 27547K [0x0000000689600000, 0x0000000800000000)
  region size 1024K, 25 young (25600K), 2 survivors (2048K)
 Metaspace       used 20585K, capacity 20957K, committed 21296K, reserved 1069056K
  class space    used 2208K, capacity 2349K, committed 2432K, reserved 1048576K
}
Event: 1,413 GC heap after
{Heap after GC invocations=3 (full 0):
 garbage-first heap   total 385024K, used 8029K [0x0000000689600000, 0x0000000800000000)
  region size 1024K, 5 young (5120K), 5 survivors (5120K)
 Metaspace       used 20585K, capacity 20957K, committed 21296K, reserved 1069056K
  class space    used 2208K, capacity 2349K, committed 2432K, reserved 1048576K
}
Event: 1,619 GC heap before
{Heap before GC invocations=4 (full 0):
 garbage-first heap   total 34816K, used 23389K [0x0000000689600000, 0x0000000800000000)
  region size 1024K, 20 young (20480K), 5 survivors (5120K)
 Metaspace       used 21030K, capacity 21450K, committed 21808K, reserved 1069056K
  class space    used 2237K, capacity 2385K, committed 2432K, reserved 1048576K
}
Event: 1,628 GC heap after
{Heap after GC invocations=5 (full 0):
 garbage-first heap   total 34816K, used 10344K [0x0000000689600000, 0x0000000800000000)
  region size 1024K, 3 young (3072K), 3 survivors (3072K)
 Metaspace       used 21030K, capacity 21450K, committed 21808K, reserved 1069056K
  class space    used 2237K, capacity 2385K, committed 2432K, reserved 1048576K
}
Event: 1,743 GC heap before
{Heap before GC invocations=5 (full 0):
 garbage-first heap   total 34816K, used 23656K [0x0000000689600000, 0x0000000800000000)
  region size 1024K, 16 young (16384K), 3 survivors (3072K)
 Metaspace       used 21231K, capacity 21578K, committed 22064K, reserved 1069056K
  class space    used 2246K, capacity 2385K, committed 2432K, reserved 1048576K
}
Event: 1,750 GC heap after
{Heap after GC invocations=6 (full 0):
 garbage-first heap   total 209920K, used 12458K [0x0000000689600000, 0x0000000800000000)
  region size 1024K, 2 young (2048K), 2 survivors (2048K)
 Metaspace       used 21231K, capacity 21578K, committed 22064K, reserved 1069056K
  class space    used 2246K, capacity 2385K, committed 2432K, reserved 1048576K
}
Event: 2,588 GC heap before
{Heap before GC invocations=6 (full 0):
 garbage-first heap   total 209920K, used 136362K [0x0000000689600000, 0x0000000800000000)
  region size 1024K, 123 young (125952K), 2 survivors (2048K)
 Metaspace       used 23564K, capacity 24012K, committed 24368K, reserved 1071104K
  class space    used 2446K, capacity 2640K, committed 2688K, reserved 1048576K
}
Event: 2,605 GC heap after
{Heap after GC invocations=7 (full 0):
 garbage-first heap   total 209920K, used 26719K [0x0000000689600000, 0x0000000800000000)
  region size 1024K, 16 young (16384K), 16 survivors (16384K)
 Metaspace       used 23564K, capacity 24012K, committed 24368K, reserved 1071104K
  class space    used 2446K, capacity 2640K, committed 2688K, reserved 1048576K
}
Event: 6,293 GC heap before
{Heap before GC invocations=7 (full 0):
 garbage-first heap   total 209920K, used 134239K [0x0000000689600000, 0x0000000800000000)
  region size 1024K, 122 young (124928K), 16 survivors (16384K)
 Metaspace       used 31112K, capacity 31574K, committed 32048K, reserved 1077248K
  class space    used 3258K, capacity 3441K, committed 3456K, reserved 1048576K
}
Event: 6,341 GC heap after
{Heap after GC invocations=8 (full 0):
 garbage-first heap   total 209920K, used 39602K [0x0000000689600000, 0x0000000800000000)
  region size 1024K, 13 young (13312K), 13 survivors (13312K)
 Metaspace       used 31112K, capacity 31574K, committed 32048K, reserved 1077248K
  class space    used 3258K, capacity 3441K, committed 3456K, reserved 1048576K
}
Event: 7,251 GC heap before
{Heap before GC invocations=8 (full 0):
 garbage-first heap   total 209920K, used 145074K [0x0000000689600000, 0x0000000800000000)
  region size 1024K, 113 young (115712K), 13 survivors (13312K)
 Metaspace       used 34112K, capacity 34663K, committed 35248K, reserved 1081344K
  class space    used 3542K, capacity 3767K, committed 3840K, reserved 1048576K
}
Event: 7,269 GC heap after
{Heap after GC invocations=9 (full 0):
 garbage-first heap   total 209920K, used 61266K [0x0000000689600000, 0x0000000800000000)
  region size 1024K, 15 young (15360K), 15 survivors (15360K)
 Metaspace       used 34112K, capacity 34663K, committed 35248K, reserved 1081344K
  class space    used 3542K, capacity 3767K, committed 3840K, reserved 1048576K
}
Event: 7,677 GC heap before
{Heap before GC invocations=9 (full 0):
 garbage-first heap   total 209920K, used 130898K [0x0000000689600000, 0x0000000800000000)
  region size 1024K, 84 young (86016K), 15 survivors (15360K)
 Metaspace       used 34880K, capacity 35431K, committed 35888K, reserved 1081344K
  class space    used 3655K, capacity 3895K, committed 3968K, reserved 1048576K
}
Event: 7,695 GC heap after
{Heap after GC invocations=10 (full 0):
 garbage-first heap   total 285696K, used 60754K [0x0000000689600000, 0x0000000800000000)
  region size 1024K, 5 young (5120K), 5 survivors (5120K)
 Metaspace       used 34880K, capacity 35431K, committed 35888K, reserved 1081344K
  class space    used 3655K, capacity 3895K, committed 3968K, reserved 1048576K
}
Event: 9,354 GC heap before
{Heap before GC invocations=11 (full 0):
 garbage-first heap   total 222208K, used 191826K [0x0000000689600000, 0x0000000800000000)
  region size 1024K, 130 young (133120K), 5 survivors (5120K)
 Metaspace       used 36225K, capacity 36947K, committed 37552K, reserved 1083392K
  class space    used 3788K, capacity 4076K, committed 4096K, reserved 1048576K
}
Event: 9,372 GC heap after
{Heap after GC invocations=12 (full 0):
 garbage-first heap   total 222208K, used 81661K [0x0000000689600000, 0x0000000800000000)
  region size 1024K, 17 young (17408K), 17 survivors (17408K)
 Metaspace       used 36225K, capacity 36947K, committed 37552K, reserved 1083392K
  class space    used 3788K, capacity 4076K, committed 4096K, reserved 1048576K
}

Deoptimization events (20 events):
Event: 9,289 Thread 0x00007f9f3c017000 DEOPT PACKING pc=0x00007f9f2c404e94 sp=0x00007f9f40cfb120
Event: 9,289 Thread 0x00007f9f3c017000 DEOPT UNPACKING pc=0x00007f9f245c7e25 sp=0x00007f9f40cfb148 mode 2
Event: 9,289 Thread 0x00007f9f3c017000 Uncommon trap: trap_request=0xffffffc6 fr.pc=0x00007f9f2c1c7294 relative=0x0000000000001234
Event: 9,289 Thread 0x00007f9f3c017000 Uncommon trap: reason=bimorphic_or_optimized_type_check action=maybe_recompile pc=0x00007f9f2c1c7294 method=java.util.AbstractMap.equals(Ljava/lang/Object;)Z @ 22 c2
Event: 9,289 Thread 0x00007f9f3c017000 DEOPT PACKING pc=0x00007f9f2c1c7294 sp=0x00007f9f40cfb1e0
Event: 9,289 Thread 0x00007f9f3c017000 DEOPT UNPACKING pc=0x00007f9f245c7e25 sp=0x00007f9f40cfb1a8 mode 2
Event: 9,303 Thread 0x00007f9f3c017000 Uncommon trap: trap_request=0xffffff54 fr.pc=0x00007f9f2c3d57b4 relative=0x00000000000005d4
Event: 9,303 Thread 0x00007f9f3c017000 Uncommon trap: reason=speculate_null_assert action=make_not_entrant pc=0x00007f9f2c3d57b4 method=org.eclipse.aether.internal.impl.collect.DefaultDependencyCollector.doRecurse(Lorg/eclipse/aether/internal/impl/collect/DefaultDependencyCollector$Args;Lorg/e
Event: 9,303 Thread 0x00007f9f3c017000 DEOPT PACKING pc=0x00007f9f2c3d57b4 sp=0x00007f9f40cfaf70
Event: 9,303 Thread 0x00007f9f3c017000 DEOPT UNPACKING pc=0x00007f9f245c7e25 sp=0x00007f9f40cfaf28 mode 2
Event: 9,306 Thread 0x00007f9f3c017000 DEOPT PACKING pc=0x00007f9f2550efb1 sp=0x00007f9f40cfa2b0
Event: 9,306 Thread 0x00007f9f3c017000 DEOPT UNPACKING pc=0x00007f9f245c833a sp=0x00007f9f40cf97b0 mode 0
Event: 9,330 Thread 0x00007f9f3c017000 Uncommon trap: trap_request=0xffffffbe fr.pc=0x00007f9f2c40bcdc relative=0x000000000000225c
Event: 9,330 Thread 0x00007f9f3c017000 Uncommon trap: reason=profile_predicate action=maybe_recompile pc=0x00007f9f2c40bcdc method=org.apache.maven.model.management.DefaultDependencyManagementInjector$ManagementModelMerger.mergeManagedDependencies(Lorg/apache/maven/model/Model;)V @ 95 c2
Event: 9,330 Thread 0x00007f9f3c017000 DEOPT PACKING pc=0x00007f9f2c40bcdc sp=0x00007f9f40cfae40
Event: 9,330 Thread 0x00007f9f3c017000 DEOPT UNPACKING pc=0x00007f9f245c7e25 sp=0x00007f9f40cfae18 mode 2
Event: 9,403 Thread 0x00007f9f3c017000 Uncommon trap: trap_request=0xffffffde fr.pc=0x00007f9f2c2018d8 relative=0x0000000000001018
Event: 9,403 Thread 0x00007f9f3c017000 Uncommon trap: reason=class_check action=maybe_recompile pc=0x00007f9f2c2018d8 method=org.eclipse.sisu.wire.EntryListAdapter$ValueIterator.next()Ljava/lang/Object; @ 4 c2
Event: 9,403 Thread 0x00007f9f3c017000 DEOPT PACKING pc=0x00007f9f2c2018d8 sp=0x00007f9f40cfba60
Event: 9,403 Thread 0x00007f9f3c017000 DEOPT UNPACKING pc=0x00007f9f245c7e25 sp=0x00007f9f40cfbab0 mode 2

Classes unloaded (1 events):
Event: 7,759 Thread 0x00007f9f3c2b1800 Unloading class 0x000000080033c040 'jdk/internal/reflect/GeneratedConstructorAccessor28'

Classes redefined (0 events):
No events

Internal exceptions (20 events):
Event: 8,671 Thread 0x00007f9f3c017000 Exception <a 'java/lang/NullPointerException'{0x00000006922bfac0}> (0x00000006922bfac0) 
thrown [src/hotspot/share/runtime/sharedRuntime.cpp, line 584]
Event: 8,671 Thread 0x00007f9f3c017000 Implicit null exception at 0x00007f9f254cfe7f to 0x00007f9f254d51ca
Event: 8,671 Thread 0x00007f9f3c017000 Exception <a 'java/lang/NullPointerException'{0x00000006922c0048}> (0x00000006922c0048) 
thrown [src/hotspot/share/runtime/sharedRuntime.cpp, line 584]
Event: 8,671 Thread 0x00007f9f3c017000 Implicit null exception at 0x00007f9f254cfe7f to 0x00007f9f254d51ca
Event: 8,671 Thread 0x00007f9f3c017000 Exception <a 'java/lang/NullPointerException'{0x00000006922c05d0}> (0x00000006922c05d0) 
thrown [src/hotspot/share/runtime/sharedRuntime.cpp, line 584]
Event: 8,671 Thread 0x00007f9f3c017000 Implicit null exception at 0x00007f9f254cfe7f to 0x00007f9f254d51ca
Event: 8,671 Thread 0x00007f9f3c017000 Exception <a 'java/lang/NullPointerException'{0x00000006922c29e0}> (0x00000006922c29e0) 
thrown [src/hotspot/share/runtime/sharedRuntime.cpp, line 584]
Event: 8,671 Thread 0x00007f9f3c017000 Implicit null exception at 0x00007f9f254cfe7f to 0x00007f9f254d51ca
Event: 8,671 Thread 0x00007f9f3c017000 Exception <a 'java/lang/NullPointerException'{0x00000006922c2f68}> (0x00000006922c2f68) 
thrown [src/hotspot/share/runtime/sharedRuntime.cpp, line 584]
Event: 8,671 Thread 0x00007f9f3c017000 Implicit null exception at 0x00007f9f254cfe7f to 0x00007f9f254d51ca
Event: 8,671 Thread 0x00007f9f3c017000 Exception <a 'java/lang/NullPointerException'{0x00000006922c34f0}> (0x00000006922c34f0) 
thrown [src/hotspot/share/runtime/sharedRuntime.cpp, line 584]
Event: 8,671 Thread 0x00007f9f3c017000 Implicit null exception at 0x00007f9f254cfe7f to 0x00007f9f254d51ca
Event: 8,671 Thread 0x00007f9f3c017000 Exception <a 'java/lang/NullPointerException'{0x00000006922c5888}> (0x00000006922c5888) 
thrown [src/hotspot/share/runtime/sharedRuntime.cpp, line 584]
Event: 8,671 Thread 0x00007f9f3c017000 Implicit null exception at 0x00007f9f254cfe7f to 0x00007f9f254d51ca
Event: 8,671 Thread 0x00007f9f3c017000 Exception <a 'java/lang/NullPointerException'{0x00000006922c5e10}> (0x00000006922c5e10) 
thrown [src/hotspot/share/runtime/sharedRuntime.cpp, line 584]
Event: 8,672 Thread 0x00007f9f3c017000 Implicit null exception at 0x00007f9f254cfe7f to 0x00007f9f254d51ca
Event: 8,672 Thread 0x00007f9f3c017000 Exception <a 'java/lang/NullPointerException'{0x00000006922c6398}> (0x00000006922c6398) 
thrown [src/hotspot/share/runtime/sharedRuntime.cpp, line 584]
Event: 9,185 Thread 0x00007f9f3c017000 Exception <a 'java/lang/NoSuchMethodError'{0x0000000690c6b258}: 'void java.lang.invoke.DirectMethodHandle$Holder.invokeSpecial(java.lang.Object, java.lang.Object, java.lang.Object, java.lang.Object, java.lang.Object)'> (0x0000000690c6b258) 
thrown [src/hotspot/share/interpreter/linkResolver.cpp, line 765]
Event: 9,226 Thread 0x00007f9f3c017000 Exception <a 'java/lang/NoSuchMethodError'{0x00000006909722a8}: 'java.lang.Object java.lang.invoke.Invokers$Holder.linkToTargetMethod(java.lang.Object, java.lang.Object, java.lang.Object, java.lang.Object, java.lang.Object, java.lang.Object)'> (0x00000006909722a8) 
thrown [src/hotspot/share/interpreter/linkResolver.cpp, line 765]
Event: 9,227 Thread 0x00007f9f3c017000 Exception <a 'java/lang/NoSuchMethodError'{0x000000069097a820}: 'void java.lang.invoke.DirectMethodHandle$Holder.invokeVirtual(java.lang.Object, java.lang.Object)'> (0x000000069097a820) 
thrown [src/hotspot/share/interpreter/linkResolver.cpp, line 765]

Events (20 events):
Event: 9,182 loading class java/lang/WeakPairMap$WeakRefPeer
Event: 9,182 loading class java/lang/WeakPairMap$WeakRefPeer done
Event: 9,182 loading class java/lang/WeakPairMap$Pair$Weak done
Event: 9,182 loading class java/lang/WeakPairMap$Pair$Weak$1
Event: 9,182 loading class java/lang/WeakPairMap$Pair$Weak$1 done
Event: 9,188 Loaded shared library /usr/lib/jvm/java-14-openjdk/lib/libnio.so
Event: 9,226 loading class java/nio/file/FileTreeIterator
Event: 9,226 loading class java/nio/file/FileTreeIterator done
Event: 9,226 loading class java/nio/file/FileTreeWalker
Event: 9,227 loading class java/nio/file/FileTreeWalker done
Event: 9,227 loading class java/nio/file/FileTreeWalker$DirectoryNode
Event: 9,227 loading class java/nio/file/FileTreeWalker$DirectoryNode done
Event: 9,227 loading class java/nio/file/FileTreeWalker$Event
Event: 9,227 loading class java/nio/file/FileTreeWalker$Event done
Event: 9,227 loading class java/nio/file/FileTreeWalker$EventType
Event: 9,227 loading class java/nio/file/FileTreeWalker$EventType done
Event: 9,237 Thread 0x00007f9ee4416000 Thread added: 0x00007f9ee4416000
Event: 9,237 Protecting memory [0x00007f9ea7bfc000,0x00007f9ea7c00000] with protection modes 0
Event: 9,353 Executing VM operation: G1CollectForAllocation
Event: 9,372 Executing VM operation: G1CollectForAllocation done


Dynamic libraries:
689600000-696a00000 rw-p 00000000 00:00 0 
696a00000-69f300000 ---p 00000000 00:00 0 
69f300000-69f700000 rw-p 00000000 00:00 0 
69f700000-6a0d00000 ---p 00000000 00:00 0 
6a0d00000-6a0e00000 rw-p 00000000 00:00 0 
6a0e00000-800000000 ---p 00000000 00:00 0 
800000000-800420000 rw-p 00000000 00:00 0 
800420000-840000000 ---p 00000000 00:00 0 
55c94d19c000-55c94d19d000 r--p 00000000 103:05 4737235                   /usr/lib/jvm/java-14-openjdk/bin/java
55c94d19d000-55c94d19e000 r-xp 00001000 103:05 4737235                   /usr/lib/jvm/java-14-openjdk/bin/java
55c94d19e000-55c94d19f000 r--p 00002000 103:05 4737235                   /usr/lib/jvm/java-14-openjdk/bin/java
55c94d19f000-55c94d1a0000 r--p 00002000 103:05 4737235                   /usr/lib/jvm/java-14-openjdk/bin/java
55c94d1a0000-55c94d1a1000 rw-p 00003000 103:05 4737235                   /usr/lib/jvm/java-14-openjdk/bin/java
55c94e896000-55c94e8b7000 rw-p 00000000 00:00 0                          [heap]
7f9e90000000-7f9e902a0000 rw-p 00000000 00:00 0 
7f9e902a0000-7f9e94000000 ---p 00000000 00:00 0 
7f9e94000000-7f9e94021000 rw-p 00000000 00:00 0 
7f9e94021000-7f9e98000000 ---p 00000000 00:00 0 
7f9e98000000-7f9e98021000 rw-p 00000000 00:00 0 
7f9e98021000-7f9e9c000000 ---p 00000000 00:00 0 
7f9e9c000000-7f9e9c021000 rw-p 00000000 00:00 0 
7f9e9c021000-7f9ea0000000 ---p 00000000 00:00 0 
7f9ea0000000-7f9ea0021000 rw-p 00000000 00:00 0 
7f9ea0021000-7f9ea4000000 ---p 00000000 00:00 0 
7f9ea73f9000-7f9ea73fa000 ---p 00000000 00:00 0 
7f9ea73fa000-7f9ea75bb000 rw-p 00000000 00:00 0 
7f9ea75bb000-7f9ea76fb000 ---p 00000000 00:00 0 
7f9ea76fb000-7f9ea78fb000 rw-p 00000000 00:00 0 
7f9ea78fb000-7f9ea7afb000 rw-p 00000000 00:00 0 
7f9ea7afb000-7f9ea7aff000 ---p 00000000 00:00 0 
7f9ea7aff000-7f9ea7bfc000 rw-p 00000000 00:00 0 
7f9ea7bfc000-7f9ea7c00000 ---p 00000000 00:00 0 
7f9ea7c00000-7f9ea7cfd000 rw-p 00000000 00:00 0 
7f9ea7cfd000-7f9ea7d01000 ---p 00000000 00:00 0 
7f9ea7d01000-7f9ea7dfe000 rw-p 00000000 00:00 0 
7f9ea7dfe000-7f9ea7e02000 ---p 00000000 00:00 0 
7f9ea7e02000-7f9ea7eff000 rw-p 00000000 00:00 0 
7f9ea7eff000-7f9ea7f03000 ---p 00000000 00:00 0 
7f9ea7f03000-7f9ea8000000 rw-p 00000000 00:00 0 
7f9ea8000000-7f9ea8021000 rw-p 00000000 00:00 0 
7f9ea8021000-7f9eac000000 ---p 00000000 00:00 0 
7f9eac000000-7f9eac021000 rw-p 00000000 00:00 0 
7f9eac021000-7f9eb0000000 ---p 00000000 00:00 0 
7f9eb0000000-7f9eb0021000 rw-p 00000000 00:00 0 
7f9eb0021000-7f9eb4000000 ---p 00000000 00:00 0 
7f9eb4000000-7f9eb4021000 rw-p 00000000 00:00 0 
7f9eb4021000-7f9eb8000000 ---p 00000000 00:00 0 
7f9eb8000000-7f9eb8021000 rw-p 00000000 00:00 0 
7f9eb8021000-7f9ebc000000 ---p 00000000 00:00 0 
7f9ebc000000-7f9ebc021000 rw-p 00000000 00:00 0 
7f9ebc021000-7f9ec0000000 ---p 00000000 00:00 0 
7f9ec0000000-7f9ec0021000 rw-p 00000000 00:00 0 
7f9ec0021000-7f9ec4000000 ---p 00000000 00:00 0 
7f9ec4000000-7f9ec4021000 rw-p 00000000 00:00 0 
7f9ec4021000-7f9ec8000000 ---p 00000000 00:00 0 
7f9ec8000000-7f9ec8f68000 rw-p 00000000 00:00 0 
7f9ec8f68000-7f9ecc000000 ---p 00000000 00:00 0 
7f9ecc000000-7f9ecd188000 rw-p 00000000 00:00 0 
7f9ecd188000-7f9ed0000000 ---p 00000000 00:00 0 
7f9ed0000000-7f9ed0021000 rw-p 00000000 00:00 0 
7f9ed0021000-7f9ed4000000 ---p 00000000 00:00 0 
7f9ed4000000-7f9ed4021000 rw-p 00000000 00:00 0 
7f9ed4021000-7f9ed8000000 ---p 00000000 00:00 0 
7f9ed8000000-7f9ed8021000 rw-p 00000000 00:00 0 
7f9ed8021000-7f9edc000000 ---p 00000000 00:00 0 
7f9edc000000-7f9edc021000 rw-p 00000000 00:00 0 
7f9edc021000-7f9ee0000000 ---p 00000000 00:00 0 
7f9ee0000000-7f9ee0e58000 rw-p 00000000 00:00 0 
7f9ee0e58000-7f9ee4000000 ---p 00000000 00:00 0 
7f9ee4000000-7f9ee4962000 rw-p 00000000 00:00 0 
7f9ee4962000-7f9ee8000000 ---p 00000000 00:00 0 
7f9ee8000000-7f9ee8021000 rw-p 00000000 00:00 0 
7f9ee8021000-7f9eec000000 ---p 00000000 00:00 0 
7f9eec000000-7f9eec021000 rw-p 00000000 00:00 0 
7f9eec021000-7f9ef0000000 ---p 00000000 00:00 0 
7f9ef0000000-7f9ef0021000 rw-p 00000000 00:00 0 
7f9ef0021000-7f9ef4000000 ---p 00000000 00:00 0 
7f9ef4000000-7f9ef4021000 rw-p 00000000 00:00 0 
7f9ef4021000-7f9ef8000000 ---p 00000000 00:00 0 
7f9ef8000000-7f9ef8021000 rw-p 00000000 00:00 0 
7f9ef8021000-7f9efc000000 ---p 00000000 00:00 0 
7f9efc000000-7f9efc05c000 rw-p 00000000 00:00 0 
7f9efc05c000-7f9f00000000 ---p 00000000 00:00 0 
7f9f00000000-7f9f00021000 rw-p 00000000 00:00 0 
7f9f00021000-7f9f04000000 ---p 00000000 00:00 0 
7f9f040d9000-7f9f042d9000 rw-p 00000000 00:00 0 
7f9f042d9000-7f9f044d9000 rw-p 00000000 00:00 0 
7f9f044d9000-7f9f044db000 r--p 00000000 103:05 4727839                   /usr/lib/libnss_dns-2.32.so
7f9f044db000-7f9f044df000 r-xp 00002000 103:05 4727839                   /usr/lib/libnss_dns-2.32.so
7f9f044df000-7f9f044e0000 r--p 00006000 103:05 4727839                   /usr/lib/libnss_dns-2.32.so
7f9f044e0000-7f9f044e1000 r--p 00006000 103:05 4727839                   /usr/lib/libnss_dns-2.32.so
7f9f044e1000-7f9f044e2000 rw-p 00007000 103:05 4727839                   /usr/lib/libnss_dns-2.32.so
7f9f044e2000-7f9f044e8000 r--p 00000000 103:05 4762628                   /usr/lib/libnss_resolve.so.2
7f9f044e8000-7f9f04516000 r-xp 00006000 103:05 4762628                   /usr/lib/libnss_resolve.so.2
7f9f04516000-7f9f04526000 r--p 00034000 103:05 4762628                   /usr/lib/libnss_resolve.so.2
7f9f04526000-7f9f04529000 r--p 00043000 103:05 4762628                   /usr/lib/libnss_resolve.so.2
7f9f04529000-7f9f0452a000 rw-p 00046000 103:05 4762628                   /usr/lib/libnss_resolve.so.2
7f9f0452a000-7f9f0452b000 rw-p 00000000 00:00 0 
7f9f0452b000-7f9f0452f000 r--p 00000000 103:05 4762595                   /usr/lib/libresolv-2.32.so
7f9f0452f000-7f9f0453d000 r-xp 00004000 103:05 4762595                   /usr/lib/libresolv-2.32.so
7f9f0453d000-7f9f04540000 r--p 00012000 103:05 4762595                   /usr/lib/libresolv-2.32.so
7f9f04540000-7f9f04541000 ---p 00015000 103:05 4762595                   /usr/lib/libresolv-2.32.so
7f9f04541000-7f9f04542000 r--p 00015000 103:05 4762595                   /usr/lib/libresolv-2.32.so
7f9f04542000-7f9f04543000 rw-p 00016000 103:05 4762595                   /usr/lib/libresolv-2.32.so
7f9f04543000-7f9f04545000 rw-p 00000000 00:00 0 
7f9f04545000-7f9f04546000 r--p 00000000 103:05 4735325                   /usr/lib/libnss_mdns4_minimal.so.2
7f9f04546000-7f9f04548000 r-xp 00001000 103:05 4735325                   /usr/lib/libnss_mdns4_minimal.so.2
7f9f04548000-7f9f04549000 r--p 00003000 103:05 4735325                   /usr/lib/libnss_mdns4_minimal.so.2
7f9f04549000-7f9f0454a000 r--p 00003000 103:05 4735325                   /usr/lib/libnss_mdns4_minimal.so.2
7f9f0454a000-7f9f0454b000 rw-p 00004000 103:05 4735325                   /usr/lib/libnss_mdns4_minimal.so.2
7f9f0454b000-7f9f04551000 r--p 00000000 103:05 4762626                   /usr/lib/libnss_mymachines.so.2
7f9f04551000-7f9f0457f000 r-xp 00006000 103:05 4762626                   /usr/lib/libnss_mymachines.so.2
7f9f0457f000-7f9f0458f000 r--p 00034000 103:05 4762626                   /usr/lib/libnss_mymachines.so.2
7f9f0458f000-7f9f04592000 r--p 00043000 103:05 4762626                   /usr/lib/libnss_mymachines.so.2
7f9f04592000-7f9f04593000 rw-p 00046000 103:05 4762626                   /usr/lib/libnss_mymachines.so.2
7f9f04593000-7f9f04594000 rw-p 00000000 00:00 0 
7f9f045d6000-7f9f047d6000 rw-p 00000000 00:00 0 
7f9f047d6000-7f9f047de000 r--p 00000000 103:05 4737365                   /usr/lib/jvm/java-14-openjdk/lib/libsunec.so
7f9f047de000-7f9f047f7000 r-xp 00008000 103:05 4737365                   /usr/lib/jvm/java-14-openjdk/lib/libsunec.so
7f9f047f7000-7f9f04801000 r--p 00021000 103:05 4737365                   /usr/lib/jvm/java-14-openjdk/lib/libsunec.so
7f9f04801000-7f9f04802000 ---p 0002b000 103:05 4737365                   /usr/lib/jvm/java-14-openjdk/lib/libsunec.so
7f9f04802000-7f9f04806000 r--p 0002b000 103:05 4737365                   /usr/lib/jvm/java-14-openjdk/lib/libsunec.so
7f9f04806000-7f9f04808000 rw-p 0002f000 103:05 4737365                   /usr/lib/jvm/java-14-openjdk/lib/libsunec.so
7f9f04808000-7f9f04a08000 rw-p 00000000 00:00 0 
7f9f04a08000-7f9f04bf4000 rw-p 00000000 00:00 0 
7f9f04bf4000-7f9f04c08000 ---p 00000000 00:00 0 
7f9f04c08000-7f9f04e08000 rw-p 00000000 00:00 0 
7f9f04e08000-7f9f05008000 rw-p 00000000 00:00 0 
7f9f05008000-7f9f05208000 rw-p 00000000 00:00 0 
7f9f05208000-7f9f05209000 ---p 00000000 00:00 0 
7f9f05209000-7f9f0530a000 rw-p 00000000 00:00 0 
7f9f0530a000-7f9f0530b000 r--p 00000000 103:05 4737317                   /usr/lib/jvm/java-14-openjdk/lib/libextnet.so
7f9f0530b000-7f9f0530c000 r-xp 00001000 103:05 4737317                   /usr/lib/jvm/java-14-openjdk/lib/libextnet.so
7f9f0530c000-7f9f0530d000 r--p 00002000 103:05 4737317                   /usr/lib/jvm/java-14-openjdk/lib/libextnet.so
7f9f0530d000-7f9f0530e000 r--p 00002000 103:05 4737317                   /usr/lib/jvm/java-14-openjdk/lib/libextnet.so
7f9f0530e000-7f9f0530f000 rw-p 00003000 103:05 4737317                   /usr/lib/jvm/java-14-openjdk/lib/libextnet.so
7f9f0530f000-7f9f05310000 ---p 00000000 00:00 0 
7f9f05310000-7f9f05411000 rw-p 00000000 00:00 0 
7f9f05411000-7f9f05412000 ---p 00000000 00:00 0 
7f9f05412000-7f9f05513000 rw-p 00000000 00:00 0 
7f9f05513000-7f9f05514000 ---p 00000000 00:00 0 
7f9f05514000-7f9f05615000 rw-p 00000000 00:00 0 
7f9f05615000-7f9f05616000 ---p 00000000 00:00 0 
7f9f05616000-7f9f05717000 rw-p 00000000 00:00 0 
7f9f05717000-7f9f05718000 ---p 00000000 00:00 0 
7f9f05718000-7f9f05819000 rw-p 00000000 00:00 0 
7f9f05819000-7f9f0581a000 ---p 00000000 00:00 0 
7f9f0581a000-7f9f0591b000 rw-p 00000000 00:00 0 
7f9f0591b000-7f9f0591c000 ---p 00000000 00:00 0 
7f9f0591c000-7f9f05a1d000 rw-p 00000000 00:00 0 
7f9f05a1d000-7f9f05a21000 ---p 00000000 00:00 0 
7f9f05a21000-7f9f05d1e000 rw-p 00000000 00:00 0 
7f9f05d1e000-7f9f05f1e000 rw-p 00000000 00:00 0 
7f9f05f1e000-7f9f05f21000 r-xp 00000000 00:31 535                        /tmp/libjansi-1.17.1-14599714409018505927.so
7f9f05f21000-7f9f06120000 ---p 00003000 00:31 535                        /tmp/libjansi-1.17.1-14599714409018505927.so
7f9f06120000-7f9f06121000 rw-p 00002000 00:31 535                        /tmp/libjansi-1.17.1-14599714409018505927.so
7f9f06121000-7f9f06125000 ---p 00000000 00:00 0 
7f9f06125000-7f9f06222000 rw-p 00000000 00:00 0 
7f9f06222000-7f9f06226000 r--p 00000000 103:05 4737367                   /usr/lib/jvm/java-14-openjdk/lib/libverify.so
7f9f06226000-7f9f0622d000 r-xp 00004000 103:05 4737367                   /usr/lib/jvm/java-14-openjdk/lib/libverify.so
7f9f0622d000-7f9f0622f000 r--p 0000b000 103:05 4737367                   /usr/lib/jvm/java-14-openjdk/lib/libverify.so
7f9f0622f000-7f9f06231000 r--p 0000c000 103:05 4737367                   /usr/lib/jvm/java-14-openjdk/lib/libverify.so
7f9f06231000-7f9f06232000 rw-p 0000e000 103:05 4737367                   /usr/lib/jvm/java-14-openjdk/lib/libverify.so
7f9f06232000-7f9f06263000 rw-p 00000000 00:00 0 
7f9f06263000-7f9f06267000 r--p 00000000 103:05 4737353                   /usr/lib/jvm/java-14-openjdk/lib/libnet.so
7f9f06267000-7f9f06275000 r-xp 00004000 103:05 4737353                   /usr/lib/jvm/java-14-openjdk/lib/libnet.so
7f9f06275000-7f9f06279000 r--p 00012000 103:05 4737353                   /usr/lib/jvm/java-14-openjdk/lib/libnet.so
7f9f06279000-7f9f0627a000 r--p 00015000 103:05 4737353                   /usr/lib/jvm/java-14-openjdk/lib/libnet.so
7f9f0627a000-7f9f0627b000 rw-p 00016000 103:05 4737353                   /usr/lib/jvm/java-14-openjdk/lib/libnet.so
7f9f0627b000-7f9f06282000 r--p 00000000 103:05 4737356                   /usr/lib/jvm/java-14-openjdk/lib/libnio.so
7f9f06282000-7f9f0628a000 r-xp 00007000 103:05 4737356                   /usr/lib/jvm/java-14-openjdk/lib/libnio.so
7f9f0628a000-7f9f0628e000 r--p 0000f000 103:05 4737356                   /usr/lib/jvm/java-14-openjdk/lib/libnio.so
7f9f0628e000-7f9f0628f000 ---p 00013000 103:05 4737356                   /usr/lib/jvm/java-14-openjdk/lib/libnio.so
7f9f0628f000-7f9f06290000 r--p 00013000 103:05 4737356                   /usr/lib/jvm/java-14-openjdk/lib/libnio.so
7f9f06290000-7f9f06291000 rw-p 00014000 103:05 4737356                   /usr/lib/jvm/java-14-openjdk/lib/libnio.so
7f9f06291000-7f9f06295000 ---p 00000000 00:00 0 
7f9f06295000-7f9f06392000 rw-p 00000000 00:00 0 
7f9f06392000-7f9f06393000 ---p 00000000 00:00 0 
7f9f06393000-7f9f06494000 rw-p 00000000 00:00 0 
7f9f06494000-7f9f06498000 ---p 00000000 00:00 0 
7f9f06498000-7f9f06595000 rw-p 00000000 00:00 0 
7f9f06595000-7f9f06599000 ---p 00000000 00:00 0 
7f9f06599000-7f9f06696000 rw-p 00000000 00:00 0 
7f9f06696000-7f9f0669a000 ---p 00000000 00:00 0 
7f9f0669a000-7f9f06797000 rw-p 00000000 00:00 0 
7f9f06797000-7f9f0679b000 ---p 00000000 00:00 0 
7f9f0679b000-7f9f06898000 rw-p 00000000 00:00 0 
7f9f06898000-7f9f0689c000 ---p 00000000 00:00 0 
7f9f0689c000-7f9f06999000 rw-p 00000000 00:00 0 
7f9f06999000-7f9f0699d000 ---p 00000000 00:00 0 
7f9f0699d000-7f9f06a9a000 rw-p 00000000 00:00 0 
7f9f06a9a000-7f9f06dd7000 r--p 00000000 103:05 4794955                   /usr/lib/locale/locale-archive
7f9f06dd7000-7f9f06ddb000 ---p 00000000 00:00 0 
7f9f06ddb000-7f9f06ed8000 rw-p 00000000 00:00 0 
7f9f06ed8000-7f9f06edc000 ---p 00000000 00:00 0 
7f9f06edc000-7f9f06fd9000 rw-p 00000000 00:00 0 
7f9f06fd9000-7f9f06fda000 ---p 00000000 00:00 0 
7f9f06fda000-7f9f079f8000 rw-p 00000000 00:00 0 
7f9f079f8000-7f9f079f9000 ---p 00000000 00:00 0 
7f9f079f9000-7f9f07afa000 rw-p 00000000 00:00 0 
7f9f07afa000-7f9f07afb000 ---p 00000000 00:00 0 
7f9f07afb000-7f9f08000000 rw-p 00000000 00:00 0 
7f9f08000000-7f9f08021000 rw-p 00000000 00:00 0 
7f9f08021000-7f9f0c000000 ---p 00000000 00:00 0 
7f9f0c000000-7f9f0c021000 rw-p 00000000 00:00 0 
7f9f0c021000-7f9f10000000 ---p 00000000 00:00 0 
7f9f10000000-7f9f10021000 rw-p 00000000 00:00 0 
7f9f10021000-7f9f14000000 ---p 00000000 00:00 0 
7f9f14001000-7f9f14002000 r--p 00000000 103:05 4794949                   /usr/lib/libutil-2.32.so
7f9f14002000-7f9f14003000 r-xp 00001000 103:05 4794949                   /usr/lib/libutil-2.32.so
7f9f14003000-7f9f14004000 r--p 00002000 103:05 4794949                   /usr/lib/libutil-2.32.so
7f9f14004000-7f9f14005000 r--p 00002000 103:05 4794949                   /usr/lib/libutil-2.32.so
7f9f14005000-7f9f14006000 rw-p 00003000 103:05 4794949                   /usr/lib/libutil-2.32.so
7f9f14006000-7f9f1640a000 rw-p 00000000 00:00 0 
7f9f1640a000-7f9f1640b000 ---p 00000000 00:00 0 
7f9f1640b000-7f9f1650c000 rw-p 00000000 00:00 0 
7f9f1650c000-7f9f1650d000 ---p 00000000 00:00 0 
7f9f1650d000-7f9f1660e000 rw-p 00000000 00:00 0 
7f9f1660e000-7f9f1660f000 ---p 00000000 00:00 0 
7f9f1660f000-7f9f16a60000 rw-p 00000000 00:00 0 
7f9f16a60000-7f9f16c84000 ---p 00000000 00:00 0 
7f9f16c84000-7f9f16c94000 rw-p 00000000 00:00 0 
7f9f16c94000-7f9f16cec000 ---p 00000000 00:00 0 
7f9f16cec000-7f9f16cf0000 rw-p 00000000 00:00 0 
7f9f16cf0000-7f9f1c4b8000 ---p 00000000 00:00 0 
7f9f1c4b8000-7f9f1c808000 rw-p 00000000 00:00 0 
7f9f1c808000-7f9f1ca2c000 ---p 00000000 00:00 0 
7f9f1ca2c000-7f9f1ca3c000 rw-p 00000000 00:00 0 
7f9f1ca3c000-7f9f1ca94000 ---p 00000000 00:00 0 
7f9f1ca94000-7f9f1ca98000 rw-p 00000000 00:00 0 
7f9f1ca98000-7f9f22260000 ---p 00000000 00:00 0 
7f9f22260000-7f9f222ca000 rw-p 00000000 00:00 0 
7f9f222ca000-7f9f2230e000 ---p 00000000 00:00 0 
7f9f2230e000-7f9f22311000 rw-p 00000000 00:00 0 
7f9f22311000-7f9f2231b000 ---p 00000000 00:00 0 
7f9f2231b000-7f9f2231c000 rw-p 00000000 00:00 0 
7f9f2231c000-7f9f22e15000 ---p 00000000 00:00 0 
7f9f22e15000-7f9f22e7f000 rw-p 00000000 00:00 0 
7f9f22e7f000-7f9f22ec3000 ---p 00000000 00:00 0 
7f9f22ec3000-7f9f22ec6000 rw-p 00000000 00:00 0 
7f9f22ec6000-7f9f22ed0000 ---p 00000000 00:00 0 
7f9f22ed0000-7f9f22ed1000 rw-p 00000000 00:00 0 
7f9f22ed1000-7f9f239ca000 ---p 00000000 00:00 0 
7f9f239ca000-7f9f23a34000 rw-p 00000000 00:00 0 
7f9f23a34000-7f9f23a78000 ---p 00000000 00:00 0 
7f9f23a78000-7f9f23a7b000 rw-p 00000000 00:00 0 
7f9f23a7b000-7f9f23a85000 ---p 00000000 00:00 0 
7f9f23a85000-7f9f23a86000 rw-p 00000000 00:00 0 
7f9f23a86000-7f9f2457f000 ---p 00000000 00:00 0 
7f9f2457f000-7f9f247ef000 rwxp 00000000 00:00 0 
7f9f247ef000-7f9f24b11000 ---p 00000000 00:00 0 
7f9f24b11000-7f9f25711000 rwxp 00000000 00:00 0 
7f9f25711000-7f9f2c048000 ---p 00000000 00:00 0 
7f9f2c048000-7f9f2c468000 rwxp 00000000 00:00 0 
7f9f2c468000-7f9f3357f000 ---p 00000000 00:00 0 
7f9f3357f000-7f9f3c000000 r--s 00000000 103:05 4749571                   /usr/lib/jvm/java-14-openjdk/lib/modules
7f9f3c000000-7f9f3dc6e000 rw-p 00000000 00:00 0 
7f9f3dc6e000-7f9f40000000 ---p 00000000 00:00 0 
7f9f40004000-7f9f40a09000 rw-p 00000000 00:00 0 
7f9f40a09000-7f9f40aeb000 ---p 00000000 00:00 0 
7f9f40aeb000-7f9f40b03000 rw-p 00000000 00:00 0 
7f9f40b03000-7f9f40bd6000 ---p 00000000 00:00 0 
7f9f40bd6000-7f9f40be3000 r--p 00000000 103:05 4737331                   /usr/lib/jvm/java-14-openjdk/lib/libjava.so
7f9f40be3000-7f9f40bf5000 r-xp 0000d000 103:05 4737331                   /usr/lib/jvm/java-14-openjdk/lib/libjava.so
7f9f40bf5000-7f9f40bfb000 r--p 0001f000 103:05 4737331                   /usr/lib/jvm/java-14-openjdk/lib/libjava.so
7f9f40bfb000-7f9f40bfc000 r--p 00024000 103:05 4737331                   /usr/lib/jvm/java-14-openjdk/lib/libjava.so
7f9f40bfc000-7f9f40bfd000 rw-p 00025000 103:05 4737331                   /usr/lib/jvm/java-14-openjdk/lib/libjava.so
7f9f40bfd000-7f9f40bfe000 rw-p 00000000 00:00 0 
7f9f40bfe000-7f9f40c02000 ---p 00000000 00:00 0 
7f9f40c02000-7f9f40cff000 rw-p 00000000 00:00 0 
7f9f40cff000-7f9f40d02000 r--p 00000000 103:05 4723079                   /usr/lib/libgcc_s.so.1
7f9f40d02000-7f9f40d13000 r-xp 00003000 103:05 4723079                   /usr/lib/libgcc_s.so.1
7f9f40d13000-7f9f40d17000 r--p 00014000 103:05 4723079                   /usr/lib/libgcc_s.so.1
7f9f40d17000-7f9f40d18000 r--p 00017000 103:05 4723079                   /usr/lib/libgcc_s.so.1
7f9f40d18000-7f9f40d19000 rw-p 00018000 103:05 4723079                   /usr/lib/libgcc_s.so.1
7f9f40d19000-7f9f40d28000 r--p 00000000 103:05 4727814                   /usr/lib/libm-2.32.so
7f9f40d28000-7f9f40dc4000 r-xp 0000f000 103:05 4727814                   /usr/lib/libm-2.32.so
7f9f40dc4000-7f9f40e5d000 r--p 000ab000 103:05 4727814                   /usr/lib/libm-2.32.so
7f9f40e5d000-7f9f40e5e000 r--p 00143000 103:05 4727814                   /usr/lib/libm-2.32.so
7f9f40e5e000-7f9f40e5f000 rw-p 00144000 103:05 4727814                   /usr/lib/libm-2.32.so
7f9f40e5f000-7f9f40ef5000 r--p 00000000 103:05 4762604                   /usr/lib/libstdc++.so.6.0.28
7f9f40ef5000-7f9f40fe1000 r-xp 00096000 103:05 4762604                   /usr/lib/libstdc++.so.6.0.28
7f9f40fe1000-7f9f4102a000 r--p 00182000 103:05 4762604                   /usr/lib/libstdc++.so.6.0.28
7f9f4102a000-7f9f4102b000 ---p 001cb000 103:05 4762604                   /usr/lib/libstdc++.so.6.0.28
7f9f4102b000-7f9f41038000 r--p 001cb000 103:05 4762604                   /usr/lib/libstdc++.so.6.0.28
7f9f41038000-7f9f41039000 rw-p 001d8000 103:05 4762604                   /usr/lib/libstdc++.so.6.0.28
7f9f41039000-7f9f4103c000 rw-p 00000000 00:00 0 
7f9f4103c000-7f9f41269000 r--p 00000000 103:05 4773810                   /usr/lib/jvm/java-14-openjdk/lib/server/libjvm.so
7f9f41269000-7f9f41ed5000 r-xp 0022d000 103:05 4773810                   /usr/lib/jvm/java-14-openjdk/lib/server/libjvm.so
7f9f41ed5000-7f9f42133000 r--p 00e99000 103:05 4773810                   /usr/lib/jvm/java-14-openjdk/lib/server/libjvm.so
7f9f42133000-7f9f42134000 ---p 010f7000 103:05 4773810                   /usr/lib/jvm/java-14-openjdk/lib/server/libjvm.so
7f9f42134000-7f9f421db000 r--p 010f7000 103:05 4773810                   /usr/lib/jvm/java-14-openjdk/lib/server/libjvm.so
7f9f421db000-7f9f42214000 rw-p 0119e000 103:05 4773810                   /usr/lib/jvm/java-14-openjdk/lib/server/libjvm.so
7f9f42214000-7f9f42297000 rw-p 00000000 00:00 0 
7f9f42297000-7f9f4229e000 r--p 00000000 103:05 4762590                   /usr/lib/libpthread-2.32.so
7f9f4229e000-7f9f422ae000 r-xp 00007000 103:05 4762590                   /usr/lib/libpthread-2.32.so
7f9f422ae000-7f9f422b3000 r--p 00017000 103:05 4762590                   /usr/lib/libpthread-2.32.so
7f9f422b3000-7f9f422b4000 r--p 0001b000 103:05 4762590                   /usr/lib/libpthread-2.32.so
7f9f422b4000-7f9f422b5000 rw-p 0001c000 103:05 4762590                   /usr/lib/libpthread-2.32.so
7f9f422b5000-7f9f422b9000 rw-p 00000000 00:00 0 
7f9f422b9000-7f9f422ba000 r--p 00000000 103:05 4727805                   /usr/lib/libdl-2.32.so
7f9f422ba000-7f9f422bc000 r-xp 00001000 103:05 4727805                   /usr/lib/libdl-2.32.so
7f9f422bc000-7f9f422bd000 r--p 00003000 103:05 4727805                   /usr/lib/libdl-2.32.so
7f9f422bd000-7f9f422be000 r--p 00003000 103:05 4727805                   /usr/lib/libdl-2.32.so
7f9f422be000-7f9f422bf000 rw-p 00004000 103:05 4727805                   /usr/lib/libdl-2.32.so
7f9f422bf000-7f9f422c2000 r--p 00000000 103:05 4724956                   /usr/lib/libz.so.1.2.11
7f9f422c2000-7f9f422d0000 r-xp 00003000 103:05 4724956                   /usr/lib/libz.so.1.2.11
7f9f422d0000-7f9f422d6000 r--p 00011000 103:05 4724956                   /usr/lib/libz.so.1.2.11
7f9f422d6000-7f9f422d7000 ---p 00017000 103:05 4724956                   /usr/lib/libz.so.1.2.11
7f9f422d7000-7f9f422d8000 r--p 00017000 103:05 4724956                   /usr/lib/libz.so.1.2.11
7f9f422d8000-7f9f422d9000 rw-p 00018000 103:05 4724956                   /usr/lib/libz.so.1.2.11
7f9f422d9000-7f9f422ff000 r--p 00000000 103:05 4727795                   /usr/lib/libc-2.32.so
7f9f422ff000-7f9f4244c000 r-xp 00026000 103:05 4727795                   /usr/lib/libc-2.32.so
7f9f4244c000-7f9f42498000 r--p 00173000 103:05 4727795                   /usr/lib/libc-2.32.so
7f9f42498000-7f9f4249b000 r--p 001be000 103:05 4727795                   /usr/lib/libc-2.32.so
7f9f4249b000-7f9f4249e000 rw-p 001c1000 103:05 4727795                   /usr/lib/libc-2.32.so
7f9f4249e000-7f9f424a2000 rw-p 00000000 00:00 0 
7f9f424a6000-7f9f424ab000 rw-p 00000000 00:00 0 
7f9f424ab000-7f9f424b2000 ---p 00000000 00:00 0 
7f9f424b2000-7f9f424b4000 r--p 00000000 103:05 4749570                   /usr/lib/jvm/java-14-openjdk/lib/libzip.so
7f9f424b4000-7f9f424b8000 r-xp 00002000 103:05 4749570                   /usr/lib/jvm/java-14-openjdk/lib/libzip.so
7f9f424b8000-7f9f424ba000 r--p 00006000 103:05 4749570                   /usr/lib/jvm/java-14-openjdk/lib/libzip.so
7f9f424ba000-7f9f424bb000 r--p 00007000 103:05 4749570                   /usr/lib/jvm/java-14-openjdk/lib/libzip.so
7f9f424bb000-7f9f424bc000 rw-p 00008000 103:05 4749570                   /usr/lib/jvm/java-14-openjdk/lib/libzip.so
7f9f424bc000-7f9f424c4000 rw-s 00000000 00:31 534                        /tmp/hsperfdata_georg/43705
7f9f424c4000-7f9f424c7000 r--p 00000000 103:05 4762581                   /usr/lib/libnss_files-2.32.so
7f9f424c7000-7f9f424ce000 r-xp 00003000 103:05 4762581                   /usr/lib/libnss_files-2.32.so
7f9f424ce000-7f9f424d0000 r--p 0000a000 103:05 4762581                   /usr/lib/libnss_files-2.32.so
7f9f424d0000-7f9f424d1000 r--p 0000b000 103:05 4762581                   /usr/lib/libnss_files-2.32.so
7f9f424d1000-7f9f424d2000 rw-p 0000c000 103:05 4762581                   /usr/lib/libnss_files-2.32.so
7f9f424d2000-7f9f424d8000 rw-p 00000000 00:00 0 
7f9f424d8000-7f9f424d9000 ---p 00000000 00:00 0 
7f9f424d9000-7f9f424da000 r--p 00000000 00:00 0 
7f9f424da000-7f9f424db000 ---p 00000000 00:00 0 
7f9f424db000-7f9f424dd000 r--p 00000000 103:05 4737337                   /usr/lib/jvm/java-14-openjdk/lib/libjimage.so
7f9f424dd000-7f9f424e0000 r-xp 00002000 103:05 4737337                   /usr/lib/jvm/java-14-openjdk/lib/libjimage.so
7f9f424e0000-7f9f424e1000 r--p 00005000 103:05 4737337                   /usr/lib/jvm/java-14-openjdk/lib/libjimage.so
7f9f424e1000-7f9f424e2000 ---p 00006000 103:05 4737337                   /usr/lib/jvm/java-14-openjdk/lib/libjimage.so
7f9f424e2000-7f9f424e3000 r--p 00006000 103:05 4737337                   /usr/lib/jvm/java-14-openjdk/lib/libjimage.so
7f9f424e3000-7f9f424e4000 rw-p 00007000 103:05 4737337                   /usr/lib/jvm/java-14-openjdk/lib/libjimage.so
7f9f424e4000-7f9f424e7000 r--p 00000000 103:05 4737339                   /usr/lib/jvm/java-14-openjdk/lib/libjli.so
7f9f424e7000-7f9f424f1000 r-xp 00003000 103:05 4737339                   /usr/lib/jvm/java-14-openjdk/lib/libjli.so
7f9f424f1000-7f9f424f4000 r--p 0000d000 103:05 4737339                   /usr/lib/jvm/java-14-openjdk/lib/libjli.so
7f9f424f4000-7f9f424f5000 ---p 00010000 103:05 4737339                   /usr/lib/jvm/java-14-openjdk/lib/libjli.so
7f9f424f5000-7f9f424f6000 r--p 00010000 103:05 4737339                   /usr/lib/jvm/java-14-openjdk/lib/libjli.so
7f9f424f6000-7f9f424f7000 rw-p 00011000 103:05 4737339                   /usr/lib/jvm/java-14-openjdk/lib/libjli.so
7f9f424f7000-7f9f424f9000 rw-p 00000000 00:00 0 
7f9f424f9000-7f9f424fb000 r--p 00000000 103:05 4727780                   /usr/lib/ld-2.32.so
7f9f424fb000-7f9f4251c000 r-xp 00002000 103:05 4727780                   /usr/lib/ld-2.32.so
7f9f4251c000-7f9f42525000 r--p 00023000 103:05 4727780                   /usr/lib/ld-2.32.so
7f9f42525000-7f9f42526000 r--p 0002b000 103:05 4727780                   /usr/lib/ld-2.32.so
7f9f42526000-7f9f42528000 rw-p 0002c000 103:05 4727780                   /usr/lib/ld-2.32.so
7ffcc6127000-7ffcc6149000 rw-p 00000000 00:00 0                          [stack]
7ffcc61db000-7ffcc61df000 r--p 00000000 00:00 0                          [vvar]
7ffcc61df000-7ffcc61e1000 r-xp 00000000 00:00 0                          [vdso]
ffffffffff600000-ffffffffff601000 --xp 00000000 00:00 0                  [vsyscall]


VM Arguments:
jvm_args: -Dmaven.home=/home/georg/Desktop/nvs/prime-number-service -Dmaven.multiModuleProjectDirectory=/home/georg/Desktop/nvs/prime-number-service/tracing_pesestance 
java_command: org.apache.maven.wrapper.MavenWrapperMain quarkus:dev clean
java_class_path (initial): /home/georg/Desktop/nvs/prime-number-service/tracing_pesestance/.mvn/wrapper/maven-wrapper.jar
Launcher Type: SUN_STANDARD

[Global flags]
     intx CICompilerCount                          = 4                                         {product} {ergonomic}
     uint ConcGCThreads                            = 2                                         {product} {ergonomic}
     uint G1ConcRefinementThreads                  = 8                                         {product} {ergonomic}
   size_t G1HeapRegionSize                         = 1048576                                   {product} {ergonomic}
    uintx GCDrainStackTargetSize                   = 64                                        {product} {ergonomic}
   size_t InitialHeapSize                          = 394264576                                 {product} {ergonomic}
   size_t MarkStackSize                            = 4194304                                   {product} {ergonomic}
   size_t MaxHeapSize                              = 6285164544                                {product} {ergonomic}
   size_t MaxNewSize                               = 3770679296                                {product} {ergonomic}
   size_t MinHeapDeltaBytes                        = 1048576                                   {product} {ergonomic}
   size_t MinHeapSize                              = 8388608                                   {product} {ergonomic}
    uintx NonNMethodCodeHeapSize                   = 5839372                                {pd product} {ergonomic}
    uintx NonProfiledCodeHeapSize                  = 122909434                              {pd product} {ergonomic}
    uintx ProfiledCodeHeapSize                     = 122909434                              {pd product} {ergonomic}
    uintx ReservedCodeCacheSize                    = 251658240                              {pd product} {ergonomic}
     bool SegmentedCodeCache                       = true                                      {product} {ergonomic}
   size_t SoftMaxHeapSize                          = 6285164544                             {manageable} {ergonomic}
     bool UseCompressedClassPointers               = true                                 {lp64_product} {ergonomic}
     bool UseCompressedOops                        = true                                 {lp64_product} {ergonomic}
     bool UseG1GC                                  = true                                      {product} {ergonomic}

Logging:
Log output configuration:
 #0: stdout all=warning uptime,level,tags
 #1: stderr all=off uptime,level,tags

Environment Variables:
JAVA_HOME=/usr/lib/jvm/java-14-openjdk
PATH=/run/media/georg/Data/anaconda3/condabin:/home/georg/.local/bin:/home/georg/.local/bin:/usr/local/sbin:/usr/local/bin:/usr/bin:/var/lib/flatpak/exports/bin:/usr/lib/jvm/default/bin:/usr/bin/site_perl:/usr/bin/vendor_perl:/usr/bin/core_perl:/var/lib/snapd/snap/bin:/var/lib/flatpak/exports/bin:/usr/lib/jvm/default/bin
SHELL=/usr/bin/zsh
DISPLAY=:0

Signal Handlers:
SIGSEGV: [libjvm.so+0xe28980], sa_mask[0]=11111111011111111101111111111110, sa_flags=SA_RESTART|SA_SIGINFO
SIGBUS: [libjvm.so+0xe28980], sa_mask[0]=11111111011111111101111111111110, sa_flags=SA_RESTART|SA_SIGINFO
SIGFPE: [libjvm.so+0xe28980], sa_mask[0]=11111111011111111101111111111110, sa_flags=SA_RESTART|SA_SIGINFO
SIGPIPE: [libjvm.so+0xb86c20], sa_mask[0]=11111111011111111101111111111110, sa_flags=SA_RESTART|SA_SIGINFO
SIGXFSZ: [libjvm.so+0xb86c20], sa_mask[0]=11111111011111111101111111111110, sa_flags=SA_RESTART|SA_SIGINFO
SIGILL: [libjvm.so+0xe28980], sa_mask[0]=11111111011111111101111111111110, sa_flags=SA_RESTART|SA_SIGINFO
SIGUSR2: [libjvm.so+0xb86ab0], sa_mask[0]=00000000000000000000000000000000, sa_flags=SA_RESTART|SA_SIGINFO
SIGHUP: [libjvm.so+0xb87330], sa_mask[0]=11111111011111111101111111111110, sa_flags=SA_RESTART|SA_SIGINFO
SIGINT: [libjvm.so+0xb87330], sa_mask[0]=11111111011111111101111111111110, sa_flags=SA_RESTART|SA_SIGINFO
SIGTERM: [libjvm.so+0xb87330], sa_mask[0]=11111111011111111101111111111110, sa_flags=SA_RESTART|SA_SIGINFO
SIGQUIT: [libjvm.so+0xb87330], sa_mask[0]=11111111011111111101111111111110, sa_flags=SA_RESTART|SA_SIGINFO


---------------  S Y S T E M  ---------------

OS:DISTRIB_ID=ManjaroLinux
DISTRIB_RELEASE=20.2
DISTRIB_CODENAME=Nibia
DISTRIB_DESCRIPTION="Manjaro Linux"
uname:Linux 5.9.3-1-MANJARO #1 SMP PREEMPT Sun Nov 1 14:25:36 UTC 2020 x86_64
OS uptime: 0 days 2:11 hours
libc:glibc 2.32 NPTL 2.32 
rlimit: STACK 8192k, CORE infinity, NPROC 95811, NOFILE 524288, AS infinity, DATA infinity, FSIZE infinity
load average:1,43 1,14 1,08

/proc/meminfo:
MemTotal:       24547484 kB
MemFree:         6099008 kB
MemAvailable:   14125292 kB
Buffers:          235508 kB
Cached:          7987952 kB
SwapCached:            0 kB
Active:          1963700 kB
Inactive:       15584308 kB
Active(anon):      58880 kB
Inactive(anon):  9361608 kB
Active(file):    1904820 kB
Inactive(file):  6222700 kB
Unevictable:          32 kB
Mlocked:              32 kB
SwapTotal:       8388604 kB
SwapFree:        8388604 kB
Dirty:               720 kB
Writeback:             0 kB
AnonPages:       9324388 kB
Mapped:          1806124 kB
Shmem:            448364 kB
KReclaimable:     307616 kB
Slab:             497588 kB
SReclaimable:     307616 kB
SUnreclaim:       189972 kB
KernelStack:       33424 kB
PageTables:        72484 kB
NFS_Unstable:          0 kB
Bounce:                0 kB
WritebackTmp:          0 kB
CommitLimit:    20662344 kB
Committed_AS:   21666548 kB
VmallocTotal:   34359738367 kB
VmallocUsed:       92500 kB
VmallocChunk:          0 kB
Percpu:             5792 kB
HardwareCorrupted:     0 kB
AnonHugePages:      8192 kB
ShmemHugePages:        0 kB
ShmemPmdMapped:        0 kB
FileHugePages:         0 kB
FilePmdMapped:         0 kB
HugePages_Total:       0
HugePages_Free:        0
HugePages_Rsvd:        0
HugePages_Surp:        0
Hugepagesize:       2048 kB
Hugetlb:               0 kB
DirectMap4k:      659368 kB
DirectMap2M:    17084416 kB
DirectMap1G:     7340032 kB


/proc/sys/kernel/threads-max (system-wide limit on the number of threads):
191622


/proc/sys/vm/max_map_count (maximum number of memory map areas a process may have):
65530


/proc/sys/kernel/pid_max (system-wide limit on number of process identifiers):
4194304



container (cgroup) information:
container_type: cgroupv1
cpu_cpuset_cpus: 0-7
cpu_memory_nodes: 0
active_processor_count: 8
cpu_quota: no quota
cpu_period: 100000
cpu_shares: no shares
memory_limit_in_bytes: unlimited
memory_and_swap_limit_in_bytes: unlimited
memory_soft_limit_in_bytes: unlimited
memory_usage_in_bytes: 10750922752
memory_max_usage_in_bytes: 10751062016

Steal ticks since vm start: 0
Steal ticks percentage since vm start:  0,000

CPU:total 8 (initial active 8) (4 cores per cpu, 2 threads per core) family 6 model 94 stepping 3, cmov, cx8, fxsr, mmx, sse, sse2, sse3, ssse3, sse4.1, sse4.2, popcnt, avx, avx2, aes, clmul, erms, rtm, 3dnowpref, lzcnt, ht, tsc, tscinvbit, bmi1, bmi2, adx, fma
CPU Model and flags from /proc/cpuinfo:
model name	: Intel(R) Core(TM) i7-6700HQ CPU @ 2.60GHz
flags		: fpu vme de pse tsc msr pae mce cx8 apic sep mtrr pge mca cmov pat pse36 clflush dts acpi mmx fxsr sse sse2 ss ht tm pbe syscall nx pdpe1gb rdtscp lm constant_tsc art arch_perfmon pebs bts rep_good nopl xtopology nonstop_tsc cpuid aperfmperf pni pclmulqdq dtes64 monitor ds_cpl vmx est tm2 ssse3 sdbg fma cx16 xtpr pdcm pcid sse4_1 sse4_2 x2apic movbe popcnt tsc_deadline_timer aes xsave avx f16c rdrand lahf_lm abm 3dnowprefetch cpuid_fault epb invpcid_single pti ssbd ibrs ibpb stibp tpr_shadow vnmi flexpriority ept vpid ept_ad fsgsbase tsc_adjust bmi1 hle avx2 smep bmi2 erms invpcid rtm mpx rdseed adx smap clflushopt intel_pt xsaveopt xsavec xgetbv1 xsaves dtherm ida arat pln pts hwp hwp_notify hwp_act_window hwp_epp md_clear flush_l1d

Memory: 4k page, physical 24547484k(6098504k free), swap 8388604k(8388604k free)

vm_info: OpenJDK 64-Bit Server VM (14.0.2+12) for linux-amd64 JRE (14.0.2+12), built on Jul 16 2020 20:46:47 by "builduser" with gcc 10.1.0

END.
